[2019-02-13T09:53:51,819][INFO ][o.e.n.Node               ] [] initializing ...
[2019-02-13T09:53:52,008][INFO ][o.e.e.NodeEnvironment    ] [EKhPHmJ] using [1] data paths, mounts [[(C:)]], net usable_space [126.2gb], net total_space [222.1gb], spins? [unknown], types [NTFS]
[2019-02-13T09:53:52,009][INFO ][o.e.e.NodeEnvironment    ] [EKhPHmJ] heap size [483.3mb], compressed ordinary object pointers [true]
[2019-02-13T09:53:52,048][INFO ][o.e.n.Node               ] node name [EKhPHmJ] derived from node ID [EKhPHmJWQ66LZPiHPZJRfA]; set [node.name] to override
[2019-02-13T09:53:52,049][INFO ][o.e.n.Node               ] version[5.6.0], pid[11532], build[781a835/2017-09-07T03:09:58.087Z], OS[Windows 10/10.0/amd64], JVM[Oracle Corporation/Java HotSpot(TM) 64-Bit Server VM/1.8.0_191/25.191-b12]
[2019-02-13T09:53:52,051][INFO ][o.e.n.Node               ] JVM arguments [-Xms200m, -Xmx500m, -XX:+UseConcMarkSweepGC, -XX:CMSInitiatingOccupancyFraction=75, -XX:+UseCMSInitiatingOccupancyOnly, -XX:+AlwaysPreTouch, -Xss1m, -Djava.awt.headless=true, -Dfile.encoding=UTF-8, -Djna.nosys=true, -Djdk.io.permissionsUseCanonicalPath=true, -Dio.netty.noUnsafe=true, -Dio.netty.noKeySetOptimization=true, -Dio.netty.recycler.maxCapacityPerThread=0, -Dlog4j.shutdownHookEnabled=false, -Dlog4j2.disable.jmx=true, -Dlog4j.skipJansi=true, -XX:+HeapDumpOnOutOfMemoryError, -Delasticsearch, -Des.path.home=C:\Users\Milan\OneDrive\Desktop\elasticsearch-5.6.0]
[2019-02-13T09:54:04,263][INFO ][o.e.p.PluginsService     ] [EKhPHmJ] loaded module [aggs-matrix-stats]
[2019-02-13T09:54:04,264][INFO ][o.e.p.PluginsService     ] [EKhPHmJ] loaded module [ingest-common]
[2019-02-13T09:54:04,265][INFO ][o.e.p.PluginsService     ] [EKhPHmJ] loaded module [lang-expression]
[2019-02-13T09:54:04,265][INFO ][o.e.p.PluginsService     ] [EKhPHmJ] loaded module [lang-groovy]
[2019-02-13T09:54:04,265][INFO ][o.e.p.PluginsService     ] [EKhPHmJ] loaded module [lang-mustache]
[2019-02-13T09:54:04,266][INFO ][o.e.p.PluginsService     ] [EKhPHmJ] loaded module [lang-painless]
[2019-02-13T09:54:04,266][INFO ][o.e.p.PluginsService     ] [EKhPHmJ] loaded module [parent-join]
[2019-02-13T09:54:04,266][INFO ][o.e.p.PluginsService     ] [EKhPHmJ] loaded module [percolator]
[2019-02-13T09:54:04,267][INFO ][o.e.p.PluginsService     ] [EKhPHmJ] loaded module [reindex]
[2019-02-13T09:54:04,267][INFO ][o.e.p.PluginsService     ] [EKhPHmJ] loaded module [transport-netty3]
[2019-02-13T09:54:04,267][INFO ][o.e.p.PluginsService     ] [EKhPHmJ] loaded module [transport-netty4]
[2019-02-13T09:54:04,268][INFO ][o.e.p.PluginsService     ] [EKhPHmJ] loaded plugin [analysis-icu]
[2019-02-13T09:54:04,268][INFO ][o.e.p.PluginsService     ] [EKhPHmJ] loaded plugin [serbian-plugin]
[2019-02-13T09:54:08,760][INFO ][o.e.d.DiscoveryModule    ] [EKhPHmJ] using discovery type [zen]
[2019-02-13T09:54:09,525][INFO ][o.e.n.Node               ] initialized
[2019-02-13T09:54:09,526][INFO ][o.e.n.Node               ] [EKhPHmJ] starting ...
[2019-02-13T09:54:11,939][INFO ][o.e.t.TransportService   ] [EKhPHmJ] publish_address {127.0.0.1:9300}, bound_addresses {127.0.0.1:9300}, {[::1]:9300}
[2019-02-13T09:54:11,953][WARN ][o.e.b.BootstrapChecks    ] [EKhPHmJ] initial heap size [209715200] not equal to maximum heap size [524288000]; this can cause resize pauses and prevents mlockall from locking the entire heap
[2019-02-13T09:54:15,063][INFO ][o.e.c.s.ClusterService   ] [EKhPHmJ] new_master {EKhPHmJ}{EKhPHmJWQ66LZPiHPZJRfA}{E6dbXLwXTNK1pWlx753lpw}{127.0.0.1}{127.0.0.1:9300}, reason: zen-disco-elected-as-master ([0] nodes joined)
[2019-02-13T09:54:16,134][INFO ][o.e.g.GatewayService     ] [EKhPHmJ] recovered [1] indices into cluster_state
[2019-02-13T09:54:16,859][INFO ][o.e.c.r.a.AllocationService] [EKhPHmJ] Cluster health status changed from [RED] to [YELLOW] (reason: [shards started [[scientificpaper][0]] ...]).
[2019-02-13T09:54:17,108][INFO ][o.e.h.n.Netty4HttpServerTransport] [EKhPHmJ] publish_address {127.0.0.1:9200}, bound_addresses {127.0.0.1:9200}, {[::1]:9200}
[2019-02-13T09:54:17,109][INFO ][o.e.n.Node               ] [EKhPHmJ] started
[2019-02-13T14:57:45,723][INFO ][o.e.n.Node               ] [EKhPHmJ] stopping ...
[2019-02-13T14:57:45,826][INFO ][o.e.n.Node               ] [EKhPHmJ] stopped
[2019-02-13T14:57:45,827][INFO ][o.e.n.Node               ] [EKhPHmJ] closing ...
[2019-02-13T14:57:45,860][INFO ][o.e.n.Node               ] [EKhPHmJ] closed
