[2019-02-07T00:06:16,956][INFO ][o.e.n.Node               ] [] initializing ...
[2019-02-07T00:06:17,588][INFO ][o.e.e.NodeEnvironment    ] [h9_TyQL] using [1] data paths, mounts [[Programs (F:)]], net usable_space [630.6gb], net total_space [705.9gb], spins? [unknown], types [NTFS]
[2019-02-07T00:06:17,589][INFO ][o.e.e.NodeEnvironment    ] [h9_TyQL] heap size [483.3mb], compressed ordinary object pointers [true]
[2019-02-07T00:06:17,784][INFO ][o.e.n.Node               ] node name [h9_TyQL] derived from node ID [h9_TyQLbRPSW6ce165cJrQ]; set [node.name] to override
[2019-02-07T00:06:17,786][INFO ][o.e.n.Node               ] version[5.6.0], pid[11856], build[781a835/2017-09-07T03:09:58.087Z], OS[Windows 10/10.0/amd64], JVM[Oracle Corporation/Java HotSpot(TM) 64-Bit Server VM/1.8.0_66/25.66-b18]
[2019-02-07T00:06:17,787][INFO ][o.e.n.Node               ] JVM arguments [-Xms200m, -Xmx500m, -XX:+UseConcMarkSweepGC, -XX:CMSInitiatingOccupancyFraction=75, -XX:+UseCMSInitiatingOccupancyOnly, -XX:+AlwaysPreTouch, -Xss1m, -Djava.awt.headless=true, -Dfile.encoding=UTF-8, -Djna.nosys=true, -Djdk.io.permissionsUseCanonicalPath=true, -Dio.netty.noUnsafe=true, -Dio.netty.noKeySetOptimization=true, -Dio.netty.recycler.maxCapacityPerThread=0, -Dlog4j.shutdownHookEnabled=false, -Dlog4j2.disable.jmx=true, -Dlog4j.skipJansi=true, -XX:+HeapDumpOnOutOfMemoryError, -Delasticsearch, -Des.path.home=C:\Users\Stefan\Desktop\elasticsearch-5.6.0]
[2019-02-07T00:06:22,710][INFO ][o.e.p.PluginsService     ] [h9_TyQL] loaded module [aggs-matrix-stats]
[2019-02-07T00:06:22,711][INFO ][o.e.p.PluginsService     ] [h9_TyQL] loaded module [ingest-common]
[2019-02-07T00:06:22,712][INFO ][o.e.p.PluginsService     ] [h9_TyQL] loaded module [lang-expression]
[2019-02-07T00:06:22,714][INFO ][o.e.p.PluginsService     ] [h9_TyQL] loaded module [lang-groovy]
[2019-02-07T00:06:22,715][INFO ][o.e.p.PluginsService     ] [h9_TyQL] loaded module [lang-mustache]
[2019-02-07T00:06:22,716][INFO ][o.e.p.PluginsService     ] [h9_TyQL] loaded module [lang-painless]
[2019-02-07T00:06:22,719][INFO ][o.e.p.PluginsService     ] [h9_TyQL] loaded module [parent-join]
[2019-02-07T00:06:22,721][INFO ][o.e.p.PluginsService     ] [h9_TyQL] loaded module [percolator]
[2019-02-07T00:06:22,724][INFO ][o.e.p.PluginsService     ] [h9_TyQL] loaded module [reindex]
[2019-02-07T00:06:22,726][INFO ][o.e.p.PluginsService     ] [h9_TyQL] loaded module [transport-netty3]
[2019-02-07T00:06:22,727][INFO ][o.e.p.PluginsService     ] [h9_TyQL] loaded module [transport-netty4]
[2019-02-07T00:06:22,730][INFO ][o.e.p.PluginsService     ] [h9_TyQL] loaded plugin [analysis-icu]
[2019-02-07T00:06:22,731][INFO ][o.e.p.PluginsService     ] [h9_TyQL] loaded plugin [serbian-plugin]
[2019-02-07T00:06:33,632][INFO ][o.e.d.DiscoveryModule    ] [h9_TyQL] using discovery type [zen]
[2019-02-07T00:06:35,685][INFO ][o.e.n.Node               ] initialized
[2019-02-07T00:06:35,687][INFO ][o.e.n.Node               ] [h9_TyQL] starting ...
[2019-02-07T00:06:38,223][INFO ][o.e.t.TransportService   ] [h9_TyQL] publish_address {127.0.0.1:9300}, bound_addresses {127.0.0.1:9300}, {[::1]:9300}
[2019-02-07T00:06:38,282][WARN ][o.e.b.BootstrapChecks    ] [h9_TyQL] initial heap size [209715200] not equal to maximum heap size [524288000]; this can cause resize pauses and prevents mlockall from locking the entire heap
[2019-02-07T00:06:41,484][INFO ][o.e.c.s.ClusterService   ] [h9_TyQL] new_master {h9_TyQL}{h9_TyQLbRPSW6ce165cJrQ}{XtSDCFBJTrWE3RVbb42E2g}{127.0.0.1}{127.0.0.1:9300}, reason: zen-disco-elected-as-master ([0] nodes joined)
[2019-02-07T00:06:42,965][INFO ][o.e.h.n.Netty4HttpServerTransport] [h9_TyQL] publish_address {127.0.0.1:9200}, bound_addresses {127.0.0.1:9200}, {[::1]:9200}
[2019-02-07T00:06:42,966][INFO ][o.e.n.Node               ] [h9_TyQL] started
[2019-02-07T00:06:43,703][INFO ][o.e.g.GatewayService     ] [h9_TyQL] recovered [3] indices into cluster_state
[2019-02-07T00:06:44,905][INFO ][o.e.c.r.a.AllocationService] [h9_TyQL] Cluster health status changed from [RED] to [GREEN] (reason: [shards started [[digitallibrary][0], [libraryserbian][0]] ...]).
[2019-02-07T00:30:25,258][INFO ][o.e.m.j.JvmGcMonitorService] [h9_TyQL] [gc][young][1426][6] duration [892ms], collections [1]/[1.5s], total [892ms]/[1.2s], memory [195.3mb]->[110.7mb]/[483.3mb], all_pools {[young] [133.2mb]->[406.6kb]/[133.3mb]}{[survivor] [14.7mb]->[9mb]/[16.6mb]}{[old] [47.2mb]->[101.2mb]/[333.3mb]}
[2019-02-07T00:30:26,143][WARN ][o.e.m.j.JvmGcMonitorService] [h9_TyQL] [gc][1426] overhead, spent [892ms] collecting in the last [1.5s]
[2019-02-07T00:30:27,294][INFO ][o.e.m.j.JvmGcMonitorService] [h9_TyQL] [gc][1427] overhead, spent [833ms] collecting in the last [2.1s]
[2019-02-07T01:00:06,963][WARN ][o.e.m.j.JvmGcMonitorService] [h9_TyQL] [gc][young][3190][7] duration [2.1s], collections [1]/[3.1s], total [2.1s]/[3.3s], memory [240.5mb]->[107.5mb]/[483.3mb], all_pools {[young] [133.3mb]->[434.4kb]/[133.3mb]}{[survivor] [9mb]->[9.2mb]/[16.6mb]}{[old] [98.1mb]->[98.1mb]/[333.3mb]}
[2019-02-07T01:00:07,157][WARN ][o.e.m.j.JvmGcMonitorService] [h9_TyQL] [gc][3190] overhead, spent [2.1s] collecting in the last [3.1s]
[2019-02-07T01:08:32,261][INFO ][o.e.b.Bootstrap          ] running graceful exit on windows
[2019-02-07T01:08:32,355][INFO ][o.e.n.Node               ] [h9_TyQL] stopping ...
[2019-02-07T01:08:33,705][INFO ][o.e.n.Node               ] [h9_TyQL] stopped
[2019-02-07T01:08:33,707][INFO ][o.e.n.Node               ] [h9_TyQL] closing ...
[2019-02-07T01:08:34,431][INFO ][o.e.n.Node               ] [h9_TyQL] closed
