[2019-02-03T11:19:29,188][INFO ][o.e.n.Node               ] [] initializing ...
[2019-02-03T11:19:29,922][INFO ][o.e.e.NodeEnvironment    ] [jmOUi4D] using [1] data paths, mounts [[(D:)]], net usable_space [98.3gb], net total_space [394.9gb], spins? [unknown], types [NTFS]
[2019-02-03T11:19:29,923][INFO ][o.e.e.NodeEnvironment    ] [jmOUi4D] heap size [487.2mb], compressed ordinary object pointers [unknown]
[2019-02-03T11:19:30,141][INFO ][o.e.n.Node               ] node name [jmOUi4D] derived from node ID [jmOUi4DOQlay5R6RQWqARQ]; set [node.name] to override
[2019-02-03T11:19:30,142][INFO ][o.e.n.Node               ] version[5.6.0], pid[5128], build[781a835/2017-09-07T03:09:58.087Z], OS[Windows 7/6.1/x86], JVM[Oracle Corporation/Java HotSpot(TM) Server VM/1.8.0_131/25.131-b11]
[2019-02-03T11:19:30,144][INFO ][o.e.n.Node               ] JVM arguments [-Xms200m, -Xmx500m, -XX:+UseConcMarkSweepGC, -XX:CMSInitiatingOccupancyFraction=75, -XX:+UseCMSInitiatingOccupancyOnly, -XX:+AlwaysPreTouch, -Xss1m, -Djava.awt.headless=true, -Dfile.encoding=UTF-8, -Djna.nosys=true, -Djdk.io.permissionsUseCanonicalPath=true, -Dio.netty.noUnsafe=true, -Dio.netty.noKeySetOptimization=true, -Dio.netty.recycler.maxCapacityPerThread=0, -Dlog4j.shutdownHookEnabled=false, -Dlog4j2.disable.jmx=true, -Dlog4j.skipJansi=true, -XX:+HeapDumpOnOutOfMemoryError, -Delasticsearch, -Des.path.home=D:\Fakultet\Master\UDD\elasticsearch-5.6.0]
[2019-02-03T11:19:35,563][INFO ][o.e.p.PluginsService     ] [jmOUi4D] loaded module [aggs-matrix-stats]
[2019-02-03T11:19:35,564][INFO ][o.e.p.PluginsService     ] [jmOUi4D] loaded module [ingest-common]
[2019-02-03T11:19:35,566][INFO ][o.e.p.PluginsService     ] [jmOUi4D] loaded module [lang-expression]
[2019-02-03T11:19:35,566][INFO ][o.e.p.PluginsService     ] [jmOUi4D] loaded module [lang-groovy]
[2019-02-03T11:19:35,567][INFO ][o.e.p.PluginsService     ] [jmOUi4D] loaded module [lang-mustache]
[2019-02-03T11:19:35,570][INFO ][o.e.p.PluginsService     ] [jmOUi4D] loaded module [lang-painless]
[2019-02-03T11:19:35,571][INFO ][o.e.p.PluginsService     ] [jmOUi4D] loaded module [parent-join]
[2019-02-03T11:19:35,572][INFO ][o.e.p.PluginsService     ] [jmOUi4D] loaded module [percolator]
[2019-02-03T11:19:35,573][INFO ][o.e.p.PluginsService     ] [jmOUi4D] loaded module [reindex]
[2019-02-03T11:19:35,573][INFO ][o.e.p.PluginsService     ] [jmOUi4D] loaded module [transport-netty3]
[2019-02-03T11:19:35,573][INFO ][o.e.p.PluginsService     ] [jmOUi4D] loaded module [transport-netty4]
[2019-02-03T11:19:35,575][INFO ][o.e.p.PluginsService     ] [jmOUi4D] loaded plugin [analysis-icu]
[2019-02-03T11:19:35,576][INFO ][o.e.p.PluginsService     ] [jmOUi4D] loaded plugin [serbian-plugin]
[2019-02-03T11:19:47,710][INFO ][o.e.d.DiscoveryModule    ] [jmOUi4D] using discovery type [zen]
[2019-02-03T11:19:49,839][INFO ][o.e.n.Node               ] initialized
[2019-02-03T11:19:49,842][INFO ][o.e.n.Node               ] [jmOUi4D] starting ...
[2019-02-03T11:19:54,580][INFO ][o.e.t.TransportService   ] [jmOUi4D] publish_address {127.0.0.1:9300}, bound_addresses {127.0.0.1:9300}, {[::1]:9300}
[2019-02-03T11:19:54,643][WARN ][o.e.b.BootstrapChecks    ] [jmOUi4D] initial heap size [209715200] not equal to maximum heap size [524288000]; this can cause resize pauses and prevents mlockall from locking the entire heap
[2019-02-03T11:19:57,858][INFO ][o.e.c.s.ClusterService   ] [jmOUi4D] new_master {jmOUi4D}{jmOUi4DOQlay5R6RQWqARQ}{fXmRVrB0ROO1jBql7gtZbA}{127.0.0.1}{127.0.0.1:9300}, reason: zen-disco-elected-as-master ([0] nodes joined)
[2019-02-03T11:20:00,126][INFO ][o.e.g.GatewayService     ] [jmOUi4D] recovered [2] indices into cluster_state
[2019-02-03T11:20:01,728][INFO ][o.e.c.r.a.AllocationService] [jmOUi4D] Cluster health status changed from [RED] to [YELLOW] (reason: [shards started [[reviewers][1], [articles][0]] ...]).
[2019-02-03T11:20:02,404][INFO ][o.e.h.n.Netty4HttpServerTransport] [jmOUi4D] publish_address {127.0.0.1:9200}, bound_addresses {127.0.0.1:9200}, {[::1]:9200}
[2019-02-03T11:20:02,405][INFO ][o.e.n.Node               ] [jmOUi4D] started
[2019-02-03T13:20:09,185][WARN ][o.e.m.j.JvmGcMonitorService] [jmOUi4D] [gc][young][7183][7] duration [5.6s], collections [1]/[6.1s], total [5.6s]/[5.8s], memory [162.6mb]->[90.9mb]/[487.2mb], all_pools {[young] [102.5mb]->[425.3kb]/[102.5mb]}{[survivor] [11.7mb]->[5.3mb]/[12.7mb]}{[old] [48.3mb]->[85.1mb]/[372mb]}
[2019-02-03T13:20:09,414][WARN ][o.e.m.j.JvmGcMonitorService] [jmOUi4D] [gc][7183] overhead, spent [5.6s] collecting in the last [6.1s]
[2019-02-03T13:20:16,718][WARN ][o.e.m.j.JvmGcMonitorService] [jmOUi4D] [gc][7189] overhead, spent [1.7s] collecting in the last [2.2s]
[2019-02-03T16:56:33,875][WARN ][o.e.m.j.JvmGcMonitorService] [jmOUi4D] [gc][young][20127][8] duration [7.9s], collections [1]/[8s], total [7.9s]/[13.8s], memory [187mb]->[83.5mb]/[487.2mb], all_pools {[young] [102.5mb]->[1.4mb]/[102.5mb]}{[survivor] [5.3mb]->[4.3mb]/[12.7mb]}{[old] [79.1mb]->[79.1mb]/[372mb]}
[2019-02-03T16:56:34,162][WARN ][o.e.m.j.JvmGcMonitorService] [jmOUi4D] [gc][20127] overhead, spent [7.9s] collecting in the last [8s]
[2019-02-03T20:29:45,676][WARN ][o.e.m.j.JvmGcMonitorService] [jmOUi4D] [gc][young][32843][9] duration [20.3s], collections [1]/[20.6s], total [20.3s]/[34.2s], memory [186mb]->[84.5mb]/[487.2mb], all_pools {[young] [102.5mb]->[1.1mb]/[102.5mb]}{[survivor] [4.3mb]->[4.1mb]/[12.7mb]}{[old] [79.1mb]->[79.1mb]/[372mb]}
[2019-02-03T20:29:46,213][WARN ][o.e.m.j.JvmGcMonitorService] [jmOUi4D] [gc][32843] overhead, spent [20.3s] collecting in the last [20.6s]
