[2019-01-07T13:31:02,581][INFO ][o.e.n.Node               ] [] initializing ...
[2019-01-07T13:31:03,658][INFO ][o.e.e.NodeEnvironment    ] [IpyxMK4] using [1] data paths, mounts [[(D:)]], net usable_space [100gb], net total_space [394.9gb], spins? [unknown], types [NTFS]
[2019-01-07T13:31:03,658][INFO ][o.e.e.NodeEnvironment    ] [IpyxMK4] heap size [487.2mb], compressed ordinary object pointers [unknown]
[2019-01-07T13:31:04,097][INFO ][o.e.n.Node               ] node name [IpyxMK4] derived from node ID [IpyxMK4OSVy_Xb01dRreRQ]; set [node.name] to override
[2019-01-07T13:31:04,098][INFO ][o.e.n.Node               ] version[5.6.0], pid[328], build[781a835/2017-09-07T03:09:58.087Z], OS[Windows 7/6.1/x86], JVM[Oracle Corporation/Java HotSpot(TM) Server VM/1.8.0_131/25.131-b11]
[2019-01-07T13:31:04,118][INFO ][o.e.n.Node               ] JVM arguments [-Xms200m, -Xmx500m, -XX:+UseConcMarkSweepGC, -XX:CMSInitiatingOccupancyFraction=75, -XX:+UseCMSInitiatingOccupancyOnly, -XX:+AlwaysPreTouch, -Xss1m, -Djava.awt.headless=true, -Dfile.encoding=UTF-8, -Djna.nosys=true, -Djdk.io.permissionsUseCanonicalPath=true, -Dio.netty.noUnsafe=true, -Dio.netty.noKeySetOptimization=true, -Dio.netty.recycler.maxCapacityPerThread=0, -Dlog4j.shutdownHookEnabled=false, -Dlog4j2.disable.jmx=true, -Dlog4j.skipJansi=true, -XX:+HeapDumpOnOutOfMemoryError, -Delasticsearch, -Des.path.home=D:\Fakultet\Master\UDD\elasticsearch-5.6.0]
[2019-01-07T13:31:09,270][INFO ][o.e.p.PluginsService     ] [IpyxMK4] loaded module [aggs-matrix-stats]
[2019-01-07T13:31:09,271][INFO ][o.e.p.PluginsService     ] [IpyxMK4] loaded module [ingest-common]
[2019-01-07T13:31:09,272][INFO ][o.e.p.PluginsService     ] [IpyxMK4] loaded module [lang-expression]
[2019-01-07T13:31:09,273][INFO ][o.e.p.PluginsService     ] [IpyxMK4] loaded module [lang-groovy]
[2019-01-07T13:31:09,273][INFO ][o.e.p.PluginsService     ] [IpyxMK4] loaded module [lang-mustache]
[2019-01-07T13:31:09,273][INFO ][o.e.p.PluginsService     ] [IpyxMK4] loaded module [lang-painless]
[2019-01-07T13:31:09,274][INFO ][o.e.p.PluginsService     ] [IpyxMK4] loaded module [parent-join]
[2019-01-07T13:31:09,275][INFO ][o.e.p.PluginsService     ] [IpyxMK4] loaded module [percolator]
[2019-01-07T13:31:09,276][INFO ][o.e.p.PluginsService     ] [IpyxMK4] loaded module [reindex]
[2019-01-07T13:31:09,278][INFO ][o.e.p.PluginsService     ] [IpyxMK4] loaded module [transport-netty3]
[2019-01-07T13:31:09,278][INFO ][o.e.p.PluginsService     ] [IpyxMK4] loaded module [transport-netty4]
[2019-01-07T13:31:09,280][INFO ][o.e.p.PluginsService     ] [IpyxMK4] loaded plugin [analysis-icu]
[2019-01-07T13:31:09,280][INFO ][o.e.p.PluginsService     ] [IpyxMK4] loaded plugin [serbian-plugin]
[2019-01-07T13:31:18,078][INFO ][o.e.d.DiscoveryModule    ] [IpyxMK4] using discovery type [zen]
[2019-01-07T13:31:19,716][INFO ][o.e.n.Node               ] initialized
[2019-01-07T13:31:19,716][INFO ][o.e.n.Node               ] [IpyxMK4] starting ...
[2019-01-07T13:31:23,073][INFO ][o.e.t.TransportService   ] [IpyxMK4] publish_address {127.0.0.1:9300}, bound_addresses {127.0.0.1:9300}, {[::1]:9300}
[2019-01-07T13:31:23,110][WARN ][o.e.b.BootstrapChecks    ] [IpyxMK4] initial heap size [209715200] not equal to maximum heap size [524288000]; this can cause resize pauses and prevents mlockall from locking the entire heap
[2019-01-07T13:31:26,299][INFO ][o.e.c.s.ClusterService   ] [IpyxMK4] new_master {IpyxMK4}{IpyxMK4OSVy_Xb01dRreRQ}{UGqL6Jj9RyGx7f6cB5O1vQ}{127.0.0.1}{127.0.0.1:9300}, reason: zen-disco-elected-as-master ([0] nodes joined)
[2019-01-07T13:31:28,671][INFO ][o.e.h.n.Netty4HttpServerTransport] [IpyxMK4] publish_address {127.0.0.1:9200}, bound_addresses {127.0.0.1:9200}, {[::1]:9200}
[2019-01-07T13:31:28,673][INFO ][o.e.n.Node               ] [IpyxMK4] started
[2019-01-07T13:31:28,954][INFO ][o.e.g.GatewayService     ] [IpyxMK4] recovered [3] indices into cluster_state
[2019-01-07T13:31:30,746][INFO ][o.e.c.r.a.AllocationService] [IpyxMK4] Cluster health status changed from [RED] to [YELLOW] (reason: [shards started [[reviewers][1]] ...]).
[2019-01-07T13:38:07,407][DEBUG][o.e.a.a.i.m.p.TransportPutMappingAction] [IpyxMK4] failed to put mappings on indices [[[articles/pGtOXZpKRN2geKfUE8-eWg]]], type [_cat]
org.elasticsearch.indices.InvalidTypeNameException: Document mapping type name can't start with '_', found: [_cat]
	at org.elasticsearch.cluster.metadata.MetaDataMappingService$PutMappingExecutor.applyRequest(MetaDataMappingService.java:297) ~[elasticsearch-5.6.0.jar:5.6.0]
	at org.elasticsearch.cluster.metadata.MetaDataMappingService$PutMappingExecutor.execute(MetaDataMappingService.java:230) ~[elasticsearch-5.6.0.jar:5.6.0]
	at org.elasticsearch.cluster.service.ClusterService.executeTasks(ClusterService.java:634) ~[elasticsearch-5.6.0.jar:5.6.0]
	at org.elasticsearch.cluster.service.ClusterService.calculateTaskOutputs(ClusterService.java:612) ~[elasticsearch-5.6.0.jar:5.6.0]
	at org.elasticsearch.cluster.service.ClusterService.runTasks(ClusterService.java:571) [elasticsearch-5.6.0.jar:5.6.0]
	at org.elasticsearch.cluster.service.ClusterService$ClusterServiceTaskBatcher.run(ClusterService.java:263) [elasticsearch-5.6.0.jar:5.6.0]
	at org.elasticsearch.cluster.service.TaskBatcher.runIfNotProcessed(TaskBatcher.java:150) [elasticsearch-5.6.0.jar:5.6.0]
	at org.elasticsearch.cluster.service.TaskBatcher$BatchedTask.run(TaskBatcher.java:188) [elasticsearch-5.6.0.jar:5.6.0]
	at org.elasticsearch.common.util.concurrent.ThreadContext$ContextPreservingRunnable.run(ThreadContext.java:569) [elasticsearch-5.6.0.jar:5.6.0]
	at org.elasticsearch.common.util.concurrent.PrioritizedEsThreadPoolExecutor$TieBreakingPrioritizedRunnable.runAndClean(PrioritizedEsThreadPoolExecutor.java:247) [elasticsearch-5.6.0.jar:5.6.0]
	at org.elasticsearch.common.util.concurrent.PrioritizedEsThreadPoolExecutor$TieBreakingPrioritizedRunnable.run(PrioritizedEsThreadPoolExecutor.java:210) [elasticsearch-5.6.0.jar:5.6.0]
	at java.util.concurrent.ThreadPoolExecutor.runWorker(ThreadPoolExecutor.java:1142) [?:1.8.0_131]
	at java.util.concurrent.ThreadPoolExecutor$Worker.run(ThreadPoolExecutor.java:617) [?:1.8.0_131]
	at java.lang.Thread.run(Thread.java:748) [?:1.8.0_131]
[2019-01-07T14:05:15,384][DEBUG][o.e.a.a.i.s.p.TransportUpdateSettingsAction] [IpyxMK4] failed to update settings on indices [[[articles/pGtOXZpKRN2geKfUE8-eWg]]]
java.lang.IllegalArgumentException: Can't update non dynamic settings [[index.analysis.analyzer]] for open indices [[articles/pGtOXZpKRN2geKfUE8-eWg]]
	at org.elasticsearch.cluster.metadata.MetaDataUpdateSettingsService$2.execute(MetaDataUpdateSettingsService.java:220) ~[elasticsearch-5.6.0.jar:5.6.0]
	at org.elasticsearch.cluster.ClusterStateUpdateTask.execute(ClusterStateUpdateTask.java:45) ~[elasticsearch-5.6.0.jar:5.6.0]
	at org.elasticsearch.cluster.service.ClusterService.executeTasks(ClusterService.java:634) ~[elasticsearch-5.6.0.jar:5.6.0]
	at org.elasticsearch.cluster.service.ClusterService.calculateTaskOutputs(ClusterService.java:612) ~[elasticsearch-5.6.0.jar:5.6.0]
	at org.elasticsearch.cluster.service.ClusterService.runTasks(ClusterService.java:571) [elasticsearch-5.6.0.jar:5.6.0]
	at org.elasticsearch.cluster.service.ClusterService$ClusterServiceTaskBatcher.run(ClusterService.java:263) [elasticsearch-5.6.0.jar:5.6.0]
	at org.elasticsearch.cluster.service.TaskBatcher.runIfNotProcessed(TaskBatcher.java:150) [elasticsearch-5.6.0.jar:5.6.0]
	at org.elasticsearch.cluster.service.TaskBatcher$BatchedTask.run(TaskBatcher.java:188) [elasticsearch-5.6.0.jar:5.6.0]
	at org.elasticsearch.common.util.concurrent.ThreadContext$ContextPreservingRunnable.run(ThreadContext.java:569) [elasticsearch-5.6.0.jar:5.6.0]
	at org.elasticsearch.common.util.concurrent.PrioritizedEsThreadPoolExecutor$TieBreakingPrioritizedRunnable.runAndClean(PrioritizedEsThreadPoolExecutor.java:247) [elasticsearch-5.6.0.jar:5.6.0]
	at org.elasticsearch.common.util.concurrent.PrioritizedEsThreadPoolExecutor$TieBreakingPrioritizedRunnable.run(PrioritizedEsThreadPoolExecutor.java:210) [elasticsearch-5.6.0.jar:5.6.0]
	at java.util.concurrent.ThreadPoolExecutor.runWorker(ThreadPoolExecutor.java:1142) [?:1.8.0_131]
	at java.util.concurrent.ThreadPoolExecutor$Worker.run(ThreadPoolExecutor.java:617) [?:1.8.0_131]
	at java.lang.Thread.run(Thread.java:748) [?:1.8.0_131]
[2019-01-07T14:07:02,709][INFO ][o.e.c.m.MetaDataIndexStateService] [IpyxMK4] closing indices [[[articles/pGtOXZpKRN2geKfUE8-eWg]]]
[2019-01-07T14:08:37,117][INFO ][o.e.c.m.MetaDataIndexStateService] [IpyxMK4] opening indices [[[articles/pGtOXZpKRN2geKfUE8-eWg]]]
[2019-01-07T14:08:37,524][INFO ][o.e.c.r.a.AllocationService] [IpyxMK4] Cluster health status changed from [RED] to [YELLOW] (reason: [shards started [[articles][0]] ...]).
[2019-01-07T14:18:45,113][INFO ][o.e.c.m.MetaDataDeleteIndexService] [IpyxMK4] [articles/pGtOXZpKRN2geKfUE8-eWg] deleting index
[2019-01-07T14:19:24,346][INFO ][o.e.c.m.MetaDataCreateIndexService] [IpyxMK4] [articles] creating index, cause [api], templates [], shards [1]/[0], mappings []
[2019-01-07T14:19:24,718][DEBUG][o.e.a.a.i.m.p.TransportPutMappingAction] [IpyxMK4] failed to put mappings on indices [[[articles/uLttQDb_StapLDycJ7gpQQ]]], type [article]
org.elasticsearch.index.mapper.MapperParsingException: analyzer [serbian-plugin] not found for field [title]
	at org.elasticsearch.index.mapper.TypeParsers.parseAnalyzersAndTermVectors(TypeParsers.java:120) ~[elasticsearch-5.6.0.jar:5.6.0]
	at org.elasticsearch.index.mapper.TypeParsers.parseTextField(TypeParsers.java:209) ~[elasticsearch-5.6.0.jar:5.6.0]
	at org.elasticsearch.index.mapper.TextFieldMapper$TypeParser.parse(TextFieldMapper.java:185) ~[elasticsearch-5.6.0.jar:5.6.0]
	at org.elasticsearch.index.mapper.ObjectMapper$TypeParser.parseProperties(ObjectMapper.java:277) ~[elasticsearch-5.6.0.jar:5.6.0]
	at org.elasticsearch.index.mapper.ObjectMapper$TypeParser.parseObjectOrDocumentTypeProperties(ObjectMapper.java:199) ~[elasticsearch-5.6.0.jar:5.6.0]
	at org.elasticsearch.index.mapper.RootObjectMapper$TypeParser.parse(RootObjectMapper.java:102) ~[elasticsearch-5.6.0.jar:5.6.0]
	at org.elasticsearch.index.mapper.DocumentMapperParser.parse(DocumentMapperParser.java:111) ~[elasticsearch-5.6.0.jar:5.6.0]
	at org.elasticsearch.index.mapper.DocumentMapperParser.parse(DocumentMapperParser.java:91) ~[elasticsearch-5.6.0.jar:5.6.0]
	at org.elasticsearch.index.mapper.MapperService.parse(MapperService.java:644) ~[elasticsearch-5.6.0.jar:5.6.0]
	at org.elasticsearch.cluster.metadata.MetaDataMappingService$PutMappingExecutor.applyRequest(MetaDataMappingService.java:264) ~[elasticsearch-5.6.0.jar:5.6.0]
	at org.elasticsearch.cluster.metadata.MetaDataMappingService$PutMappingExecutor.execute(MetaDataMappingService.java:230) ~[elasticsearch-5.6.0.jar:5.6.0]
	at org.elasticsearch.cluster.service.ClusterService.executeTasks(ClusterService.java:634) ~[elasticsearch-5.6.0.jar:5.6.0]
	at org.elasticsearch.cluster.service.ClusterService.calculateTaskOutputs(ClusterService.java:612) ~[elasticsearch-5.6.0.jar:5.6.0]
	at org.elasticsearch.cluster.service.ClusterService.runTasks(ClusterService.java:571) [elasticsearch-5.6.0.jar:5.6.0]
	at org.elasticsearch.cluster.service.ClusterService$ClusterServiceTaskBatcher.run(ClusterService.java:263) [elasticsearch-5.6.0.jar:5.6.0]
	at org.elasticsearch.cluster.service.TaskBatcher.runIfNotProcessed(TaskBatcher.java:150) [elasticsearch-5.6.0.jar:5.6.0]
	at org.elasticsearch.cluster.service.TaskBatcher$BatchedTask.run(TaskBatcher.java:188) [elasticsearch-5.6.0.jar:5.6.0]
	at org.elasticsearch.common.util.concurrent.ThreadContext$ContextPreservingRunnable.run(ThreadContext.java:569) [elasticsearch-5.6.0.jar:5.6.0]
	at org.elasticsearch.common.util.concurrent.PrioritizedEsThreadPoolExecutor$TieBreakingPrioritizedRunnable.runAndClean(PrioritizedEsThreadPoolExecutor.java:247) [elasticsearch-5.6.0.jar:5.6.0]
	at org.elasticsearch.common.util.concurrent.PrioritizedEsThreadPoolExecutor$TieBreakingPrioritizedRunnable.run(PrioritizedEsThreadPoolExecutor.java:210) [elasticsearch-5.6.0.jar:5.6.0]
	at java.util.concurrent.ThreadPoolExecutor.runWorker(ThreadPoolExecutor.java:1142) [?:1.8.0_131]
	at java.util.concurrent.ThreadPoolExecutor$Worker.run(ThreadPoolExecutor.java:617) [?:1.8.0_131]
	at java.lang.Thread.run(Thread.java:748) [?:1.8.0_131]
[2019-01-07T14:19:25,253][DEBUG][o.e.a.a.i.m.p.TransportPutMappingAction] [IpyxMK4] failed to put mappings on indices [[[reviewers/wX1c8W8-TyO4YjCruDsXgg]]], type [reviewers]
org.elasticsearch.index.mapper.MapperParsingException: analyzer [serbian-plugin] not found for field [firstName]
	at org.elasticsearch.index.mapper.TypeParsers.parseAnalyzersAndTermVectors(TypeParsers.java:120) ~[elasticsearch-5.6.0.jar:5.6.0]
	at org.elasticsearch.index.mapper.TypeParsers.parseTextField(TypeParsers.java:209) ~[elasticsearch-5.6.0.jar:5.6.0]
	at org.elasticsearch.index.mapper.TextFieldMapper$TypeParser.parse(TextFieldMapper.java:185) ~[elasticsearch-5.6.0.jar:5.6.0]
	at org.elasticsearch.index.mapper.ObjectMapper$TypeParser.parseProperties(ObjectMapper.java:277) ~[elasticsearch-5.6.0.jar:5.6.0]
	at org.elasticsearch.index.mapper.ObjectMapper$TypeParser.parseObjectOrDocumentTypeProperties(ObjectMapper.java:199) ~[elasticsearch-5.6.0.jar:5.6.0]
	at org.elasticsearch.index.mapper.RootObjectMapper$TypeParser.parse(RootObjectMapper.java:102) ~[elasticsearch-5.6.0.jar:5.6.0]
	at org.elasticsearch.index.mapper.DocumentMapperParser.parse(DocumentMapperParser.java:111) ~[elasticsearch-5.6.0.jar:5.6.0]
	at org.elasticsearch.index.mapper.DocumentMapperParser.parse(DocumentMapperParser.java:91) ~[elasticsearch-5.6.0.jar:5.6.0]
	at org.elasticsearch.index.mapper.MapperService.parse(MapperService.java:644) ~[elasticsearch-5.6.0.jar:5.6.0]
	at org.elasticsearch.cluster.metadata.MetaDataMappingService$PutMappingExecutor.applyRequest(MetaDataMappingService.java:264) ~[elasticsearch-5.6.0.jar:5.6.0]
	at org.elasticsearch.cluster.metadata.MetaDataMappingService$PutMappingExecutor.execute(MetaDataMappingService.java:230) ~[elasticsearch-5.6.0.jar:5.6.0]
	at org.elasticsearch.cluster.service.ClusterService.executeTasks(ClusterService.java:634) ~[elasticsearch-5.6.0.jar:5.6.0]
	at org.elasticsearch.cluster.service.ClusterService.calculateTaskOutputs(ClusterService.java:612) ~[elasticsearch-5.6.0.jar:5.6.0]
	at org.elasticsearch.cluster.service.ClusterService.runTasks(ClusterService.java:571) [elasticsearch-5.6.0.jar:5.6.0]
	at org.elasticsearch.cluster.service.ClusterService$ClusterServiceTaskBatcher.run(ClusterService.java:263) [elasticsearch-5.6.0.jar:5.6.0]
	at org.elasticsearch.cluster.service.TaskBatcher.runIfNotProcessed(TaskBatcher.java:150) [elasticsearch-5.6.0.jar:5.6.0]
	at org.elasticsearch.cluster.service.TaskBatcher$BatchedTask.run(TaskBatcher.java:188) [elasticsearch-5.6.0.jar:5.6.0]
	at org.elasticsearch.common.util.concurrent.ThreadContext$ContextPreservingRunnable.run(ThreadContext.java:569) [elasticsearch-5.6.0.jar:5.6.0]
	at org.elasticsearch.common.util.concurrent.PrioritizedEsThreadPoolExecutor$TieBreakingPrioritizedRunnable.runAndClean(PrioritizedEsThreadPoolExecutor.java:247) [elasticsearch-5.6.0.jar:5.6.0]
	at org.elasticsearch.common.util.concurrent.PrioritizedEsThreadPoolExecutor$TieBreakingPrioritizedRunnable.run(PrioritizedEsThreadPoolExecutor.java:210) [elasticsearch-5.6.0.jar:5.6.0]
	at java.util.concurrent.ThreadPoolExecutor.runWorker(ThreadPoolExecutor.java:1142) [?:1.8.0_131]
	at java.util.concurrent.ThreadPoolExecutor$Worker.run(ThreadPoolExecutor.java:617) [?:1.8.0_131]
	at java.lang.Thread.run(Thread.java:748) [?:1.8.0_131]
[2019-01-07T14:21:16,603][INFO ][o.e.c.m.MetaDataMappingService] [IpyxMK4] [articles/uLttQDb_StapLDycJ7gpQQ] create_mapping [article]
[2019-01-07T14:21:19,013][WARN ][o.e.m.j.JvmGcMonitorService] [IpyxMK4] [gc][young][2995][7] duration [1.2s], collections [1]/[1.5s], total [1.2s]/[1.4s], memory [142.9mb]->[93.4mb]/[487.2mb], all_pools {[young] [98.5mb]->[447.6kb]/[102.5mb]}{[survivor] [12.3mb]->[8mb]/[12.7mb]}{[old] [32mb]->[84.9mb]/[372mb]}
[2019-01-07T14:21:19,015][WARN ][o.e.m.j.JvmGcMonitorService] [IpyxMK4] [gc][2995] overhead, spent [1.2s] collecting in the last [1.5s]
[2019-01-07T14:21:46,381][DEBUG][o.e.a.s.TransportSearchAction] [IpyxMK4] [articles][0], node[IpyxMK4OSVy_Xb01dRreRQ], [P], s[STARTED], a[id=JM6fLL2GROOKXK0IXhIVIQ]: Failed to execute [SearchRequest{searchType=QUERY_THEN_FETCH, indices=[articles], indicesOptions=IndicesOptions[id=38, ignore_unavailable=false, allow_no_indices=true, expand_wildcards_open=true, expand_wildcards_closed=false, allow_alisases_to_multiple_indices=true, forbid_closed_indices=true], types=[article], routing='null', preference='null', requestCache=null, scroll=null, maxConcurrentShardRequests=5, batchedReduceSize=512, preFilterShardSize=128, source={
  "from" : 0,
  "query" : {
    "match_phrase" : {
      "magazineName" : {
        "query" : "Lepota",
        "analyzer" : "serbian-plugin",
        "slop" : 0,
        "boost" : 1.0
      }
    }
  },
  "version" : true,
  "highlight" : {
    "fields" : {
      "magazineName" : { }
    }
  }
}}]
org.elasticsearch.transport.RemoteTransportException: [IpyxMK4][127.0.0.1:9300][indices:data/read/search[phase/query]]
Caused by: org.elasticsearch.index.query.QueryShardException: [match_phrase] analyzer [serbian-plugin] not found
	at org.elasticsearch.index.query.MatchPhraseQueryBuilder.doToQuery(MatchPhraseQueryBuilder.java:144) ~[elasticsearch-5.6.0.jar:5.6.0]
	at org.elasticsearch.index.query.AbstractQueryBuilder.toQuery(AbstractQueryBuilder.java:96) ~[elasticsearch-5.6.0.jar:5.6.0]
	at org.elasticsearch.index.query.QueryShardContext.lambda$toQuery$1(QueryShardContext.java:313) ~[elasticsearch-5.6.0.jar:5.6.0]
	at org.elasticsearch.index.query.QueryShardContext.toQuery(QueryShardContext.java:325) ~[elasticsearch-5.6.0.jar:5.6.0]
	at org.elasticsearch.index.query.QueryShardContext.toQuery(QueryShardContext.java:312) ~[elasticsearch-5.6.0.jar:5.6.0]
	at org.elasticsearch.search.SearchService.parseSource(SearchService.java:617) ~[elasticsearch-5.6.0.jar:5.6.0]
	at org.elasticsearch.search.SearchService.createContext(SearchService.java:485) ~[elasticsearch-5.6.0.jar:5.6.0]
	at org.elasticsearch.search.SearchService.createAndPutContext(SearchService.java:461) ~[elasticsearch-5.6.0.jar:5.6.0]
	at org.elasticsearch.search.SearchService.executeQueryPhase(SearchService.java:257) ~[elasticsearch-5.6.0.jar:5.6.0]
	at org.elasticsearch.action.search.SearchTransportService$6.messageReceived(SearchTransportService.java:340) ~[elasticsearch-5.6.0.jar:5.6.0]
	at org.elasticsearch.action.search.SearchTransportService$6.messageReceived(SearchTransportService.java:337) ~[elasticsearch-5.6.0.jar:5.6.0]
	at org.elasticsearch.transport.RequestHandlerRegistry.processMessageReceived(RequestHandlerRegistry.java:69) ~[elasticsearch-5.6.0.jar:5.6.0]
	at org.elasticsearch.transport.TransportService$7.doRun(TransportService.java:644) [elasticsearch-5.6.0.jar:5.6.0]
	at org.elasticsearch.common.util.concurrent.ThreadContext$ContextPreservingAbstractRunnable.doRun(ThreadContext.java:638) [elasticsearch-5.6.0.jar:5.6.0]
	at org.elasticsearch.common.util.concurrent.AbstractRunnable.run(AbstractRunnable.java:37) [elasticsearch-5.6.0.jar:5.6.0]
	at java.util.concurrent.ThreadPoolExecutor.runWorker(ThreadPoolExecutor.java:1142) [?:1.8.0_131]
	at java.util.concurrent.ThreadPoolExecutor$Worker.run(ThreadPoolExecutor.java:617) [?:1.8.0_131]
	at java.lang.Thread.run(Thread.java:748) [?:1.8.0_131]
[2019-01-07T14:21:46,429][DEBUG][o.e.a.s.TransportSearchAction] [IpyxMK4] All shards failed for phase: [query]
org.elasticsearch.index.query.QueryShardException: [match_phrase] analyzer [serbian-plugin] not found
	at org.elasticsearch.index.query.MatchPhraseQueryBuilder.doToQuery(MatchPhraseQueryBuilder.java:144) ~[elasticsearch-5.6.0.jar:5.6.0]
	at org.elasticsearch.index.query.AbstractQueryBuilder.toQuery(AbstractQueryBuilder.java:96) ~[elasticsearch-5.6.0.jar:5.6.0]
	at org.elasticsearch.index.query.QueryShardContext.lambda$toQuery$1(QueryShardContext.java:313) ~[elasticsearch-5.6.0.jar:5.6.0]
	at org.elasticsearch.index.query.QueryShardContext.toQuery(QueryShardContext.java:325) ~[elasticsearch-5.6.0.jar:5.6.0]
	at org.elasticsearch.index.query.QueryShardContext.toQuery(QueryShardContext.java:312) ~[elasticsearch-5.6.0.jar:5.6.0]
	at org.elasticsearch.search.SearchService.parseSource(SearchService.java:617) ~[elasticsearch-5.6.0.jar:5.6.0]
	at org.elasticsearch.search.SearchService.createContext(SearchService.java:485) ~[elasticsearch-5.6.0.jar:5.6.0]
	at org.elasticsearch.search.SearchService.createAndPutContext(SearchService.java:461) ~[elasticsearch-5.6.0.jar:5.6.0]
	at org.elasticsearch.search.SearchService.executeQueryPhase(SearchService.java:257) ~[elasticsearch-5.6.0.jar:5.6.0]
	at org.elasticsearch.action.search.SearchTransportService$6.messageReceived(SearchTransportService.java:340) ~[elasticsearch-5.6.0.jar:5.6.0]
	at org.elasticsearch.action.search.SearchTransportService$6.messageReceived(SearchTransportService.java:337) ~[elasticsearch-5.6.0.jar:5.6.0]
	at org.elasticsearch.transport.RequestHandlerRegistry.processMessageReceived(RequestHandlerRegistry.java:69) ~[elasticsearch-5.6.0.jar:5.6.0]
	at org.elasticsearch.transport.TransportService$7.doRun(TransportService.java:644) [elasticsearch-5.6.0.jar:5.6.0]
	at org.elasticsearch.common.util.concurrent.ThreadContext$ContextPreservingAbstractRunnable.doRun(ThreadContext.java:638) [elasticsearch-5.6.0.jar:5.6.0]
	at org.elasticsearch.common.util.concurrent.AbstractRunnable.run(AbstractRunnable.java:37) [elasticsearch-5.6.0.jar:5.6.0]
	at java.util.concurrent.ThreadPoolExecutor.runWorker(ThreadPoolExecutor.java:1142) [?:1.8.0_131]
	at java.util.concurrent.ThreadPoolExecutor$Worker.run(ThreadPoolExecutor.java:617) [?:1.8.0_131]
	at java.lang.Thread.run(Thread.java:748) [?:1.8.0_131]
[2019-01-07T14:22:15,040][DEBUG][o.e.a.s.TransportSearchAction] [IpyxMK4] [articles][0], node[IpyxMK4OSVy_Xb01dRreRQ], [P], s[STARTED], a[id=JM6fLL2GROOKXK0IXhIVIQ]: Failed to execute [SearchRequest{searchType=QUERY_THEN_FETCH, indices=[articles], indicesOptions=IndicesOptions[id=38, ignore_unavailable=false, allow_no_indices=true, expand_wildcards_open=true, expand_wildcards_closed=false, allow_alisases_to_multiple_indices=true, forbid_closed_indices=true], types=[article], routing='null', preference='null', requestCache=null, scroll=null, maxConcurrentShardRequests=5, batchedReduceSize=512, preFilterShardSize=128, source={
  "from" : 0,
  "query" : {
    "match" : {
      "magazineName" : {
        "query" : "Lepota",
        "operator" : "OR",
        "analyzer" : "serbian-plugin",
        "prefix_length" : 0,
        "max_expansions" : 50,
        "fuzzy_transpositions" : true,
        "lenient" : false,
        "zero_terms_query" : "NONE",
        "boost" : 1.0
      }
    }
  },
  "version" : true,
  "highlight" : {
    "fields" : {
      "magazineName" : { }
    }
  }
}}]
org.elasticsearch.transport.RemoteTransportException: [IpyxMK4][127.0.0.1:9300][indices:data/read/search[phase/query]]
Caused by: org.elasticsearch.index.query.QueryShardException: [match] analyzer [serbian-plugin] not found
	at org.elasticsearch.index.query.MatchQueryBuilder.doToQuery(MatchQueryBuilder.java:446) ~[elasticsearch-5.6.0.jar:5.6.0]
	at org.elasticsearch.index.query.AbstractQueryBuilder.toQuery(AbstractQueryBuilder.java:96) ~[elasticsearch-5.6.0.jar:5.6.0]
	at org.elasticsearch.index.query.QueryShardContext.lambda$toQuery$1(QueryShardContext.java:313) ~[elasticsearch-5.6.0.jar:5.6.0]
	at org.elasticsearch.index.query.QueryShardContext.toQuery(QueryShardContext.java:325) ~[elasticsearch-5.6.0.jar:5.6.0]
	at org.elasticsearch.index.query.QueryShardContext.toQuery(QueryShardContext.java:312) ~[elasticsearch-5.6.0.jar:5.6.0]
	at org.elasticsearch.search.SearchService.parseSource(SearchService.java:617) ~[elasticsearch-5.6.0.jar:5.6.0]
	at org.elasticsearch.search.SearchService.createContext(SearchService.java:485) ~[elasticsearch-5.6.0.jar:5.6.0]
	at org.elasticsearch.search.SearchService.createAndPutContext(SearchService.java:461) ~[elasticsearch-5.6.0.jar:5.6.0]
	at org.elasticsearch.search.SearchService.executeQueryPhase(SearchService.java:257) ~[elasticsearch-5.6.0.jar:5.6.0]
	at org.elasticsearch.action.search.SearchTransportService$6.messageReceived(SearchTransportService.java:340) ~[elasticsearch-5.6.0.jar:5.6.0]
	at org.elasticsearch.action.search.SearchTransportService$6.messageReceived(SearchTransportService.java:337) ~[elasticsearch-5.6.0.jar:5.6.0]
	at org.elasticsearch.transport.RequestHandlerRegistry.processMessageReceived(RequestHandlerRegistry.java:69) ~[elasticsearch-5.6.0.jar:5.6.0]
	at org.elasticsearch.transport.TransportService$7.doRun(TransportService.java:644) [elasticsearch-5.6.0.jar:5.6.0]
	at org.elasticsearch.common.util.concurrent.ThreadContext$ContextPreservingAbstractRunnable.doRun(ThreadContext.java:638) [elasticsearch-5.6.0.jar:5.6.0]
	at org.elasticsearch.common.util.concurrent.AbstractRunnable.run(AbstractRunnable.java:37) [elasticsearch-5.6.0.jar:5.6.0]
	at java.util.concurrent.ThreadPoolExecutor.runWorker(ThreadPoolExecutor.java:1142) [?:1.8.0_131]
	at java.util.concurrent.ThreadPoolExecutor$Worker.run(ThreadPoolExecutor.java:617) [?:1.8.0_131]
	at java.lang.Thread.run(Thread.java:748) [?:1.8.0_131]
[2019-01-07T14:22:15,049][DEBUG][o.e.a.s.TransportSearchAction] [IpyxMK4] All shards failed for phase: [query]
org.elasticsearch.index.query.QueryShardException: [match] analyzer [serbian-plugin] not found
	at org.elasticsearch.index.query.MatchQueryBuilder.doToQuery(MatchQueryBuilder.java:446) ~[elasticsearch-5.6.0.jar:5.6.0]
	at org.elasticsearch.index.query.AbstractQueryBuilder.toQuery(AbstractQueryBuilder.java:96) ~[elasticsearch-5.6.0.jar:5.6.0]
	at org.elasticsearch.index.query.QueryShardContext.lambda$toQuery$1(QueryShardContext.java:313) ~[elasticsearch-5.6.0.jar:5.6.0]
	at org.elasticsearch.index.query.QueryShardContext.toQuery(QueryShardContext.java:325) ~[elasticsearch-5.6.0.jar:5.6.0]
	at org.elasticsearch.index.query.QueryShardContext.toQuery(QueryShardContext.java:312) ~[elasticsearch-5.6.0.jar:5.6.0]
	at org.elasticsearch.search.SearchService.parseSource(SearchService.java:617) ~[elasticsearch-5.6.0.jar:5.6.0]
	at org.elasticsearch.search.SearchService.createContext(SearchService.java:485) ~[elasticsearch-5.6.0.jar:5.6.0]
	at org.elasticsearch.search.SearchService.createAndPutContext(SearchService.java:461) ~[elasticsearch-5.6.0.jar:5.6.0]
	at org.elasticsearch.search.SearchService.executeQueryPhase(SearchService.java:257) ~[elasticsearch-5.6.0.jar:5.6.0]
	at org.elasticsearch.action.search.SearchTransportService$6.messageReceived(SearchTransportService.java:340) ~[elasticsearch-5.6.0.jar:5.6.0]
	at org.elasticsearch.action.search.SearchTransportService$6.messageReceived(SearchTransportService.java:337) ~[elasticsearch-5.6.0.jar:5.6.0]
	at org.elasticsearch.transport.RequestHandlerRegistry.processMessageReceived(RequestHandlerRegistry.java:69) ~[elasticsearch-5.6.0.jar:5.6.0]
	at org.elasticsearch.transport.TransportService$7.doRun(TransportService.java:644) [elasticsearch-5.6.0.jar:5.6.0]
	at org.elasticsearch.common.util.concurrent.ThreadContext$ContextPreservingAbstractRunnable.doRun(ThreadContext.java:638) [elasticsearch-5.6.0.jar:5.6.0]
	at org.elasticsearch.common.util.concurrent.AbstractRunnable.run(AbstractRunnable.java:37) [elasticsearch-5.6.0.jar:5.6.0]
	at java.util.concurrent.ThreadPoolExecutor.runWorker(ThreadPoolExecutor.java:1142) [?:1.8.0_131]
	at java.util.concurrent.ThreadPoolExecutor$Worker.run(ThreadPoolExecutor.java:617) [?:1.8.0_131]
	at java.lang.Thread.run(Thread.java:748) [?:1.8.0_131]
[2019-01-07T14:22:34,380][INFO ][o.e.c.m.MetaDataMappingService] [IpyxMK4] [articles/uLttQDb_StapLDycJ7gpQQ] update_mapping [article]
[2019-01-07T14:34:44,747][INFO ][o.e.n.Node               ] [IpyxMK4] stopping ...
[2019-01-07T14:34:44,865][INFO ][o.e.n.Node               ] [IpyxMK4] stopped
[2019-01-07T14:34:44,866][INFO ][o.e.n.Node               ] [IpyxMK4] closing ...
[2019-01-07T14:34:45,003][INFO ][o.e.n.Node               ] [IpyxMK4] closed
[2019-01-07T14:35:38,630][INFO ][o.e.n.Node               ] [] initializing ...
[2019-01-07T14:35:39,079][INFO ][o.e.e.NodeEnvironment    ] [IpyxMK4] using [1] data paths, mounts [[(D:)]], net usable_space [99.9gb], net total_space [394.9gb], spins? [unknown], types [NTFS]
[2019-01-07T14:35:39,081][INFO ][o.e.e.NodeEnvironment    ] [IpyxMK4] heap size [487.2mb], compressed ordinary object pointers [unknown]
[2019-01-07T14:35:39,393][INFO ][o.e.n.Node               ] node name [IpyxMK4] derived from node ID [IpyxMK4OSVy_Xb01dRreRQ]; set [node.name] to override
[2019-01-07T14:35:39,393][INFO ][o.e.n.Node               ] version[5.6.0], pid[3820], build[781a835/2017-09-07T03:09:58.087Z], OS[Windows 7/6.1/x86], JVM[Oracle Corporation/Java HotSpot(TM) Server VM/1.8.0_131/25.131-b11]
[2019-01-07T14:35:39,394][INFO ][o.e.n.Node               ] JVM arguments [-Xms200m, -Xmx500m, -XX:+UseConcMarkSweepGC, -XX:CMSInitiatingOccupancyFraction=75, -XX:+UseCMSInitiatingOccupancyOnly, -XX:+AlwaysPreTouch, -Xss1m, -Djava.awt.headless=true, -Dfile.encoding=UTF-8, -Djna.nosys=true, -Djdk.io.permissionsUseCanonicalPath=true, -Dio.netty.noUnsafe=true, -Dio.netty.noKeySetOptimization=true, -Dio.netty.recycler.maxCapacityPerThread=0, -Dlog4j.shutdownHookEnabled=false, -Dlog4j2.disable.jmx=true, -Dlog4j.skipJansi=true, -XX:+HeapDumpOnOutOfMemoryError, -Delasticsearch, -Des.path.home=D:\Fakultet\Master\UDD\elasticsearch-5.6.0]
[2019-01-07T14:35:42,755][INFO ][o.e.p.PluginsService     ] [IpyxMK4] loaded module [aggs-matrix-stats]
[2019-01-07T14:35:42,756][INFO ][o.e.p.PluginsService     ] [IpyxMK4] loaded module [ingest-common]
[2019-01-07T14:35:42,756][INFO ][o.e.p.PluginsService     ] [IpyxMK4] loaded module [lang-expression]
[2019-01-07T14:35:42,756][INFO ][o.e.p.PluginsService     ] [IpyxMK4] loaded module [lang-groovy]
[2019-01-07T14:35:42,757][INFO ][o.e.p.PluginsService     ] [IpyxMK4] loaded module [lang-mustache]
[2019-01-07T14:35:42,757][INFO ][o.e.p.PluginsService     ] [IpyxMK4] loaded module [lang-painless]
[2019-01-07T14:35:42,757][INFO ][o.e.p.PluginsService     ] [IpyxMK4] loaded module [parent-join]
[2019-01-07T14:35:42,758][INFO ][o.e.p.PluginsService     ] [IpyxMK4] loaded module [percolator]
[2019-01-07T14:35:42,758][INFO ][o.e.p.PluginsService     ] [IpyxMK4] loaded module [reindex]
[2019-01-07T14:35:42,759][INFO ][o.e.p.PluginsService     ] [IpyxMK4] loaded module [transport-netty3]
[2019-01-07T14:35:42,759][INFO ][o.e.p.PluginsService     ] [IpyxMK4] loaded module [transport-netty4]
[2019-01-07T14:35:42,760][INFO ][o.e.p.PluginsService     ] [IpyxMK4] loaded plugin [analysis-icu]
[2019-01-07T14:35:42,762][INFO ][o.e.p.PluginsService     ] [IpyxMK4] loaded plugin [serbian-plugin]
[2019-01-07T14:35:51,110][INFO ][o.e.d.DiscoveryModule    ] [IpyxMK4] using discovery type [zen]
[2019-01-07T14:35:52,488][INFO ][o.e.n.Node               ] initialized
[2019-01-07T14:35:52,489][INFO ][o.e.n.Node               ] [IpyxMK4] starting ...
[2019-01-07T14:35:55,449][INFO ][o.e.t.TransportService   ] [IpyxMK4] publish_address {127.0.0.1:9300}, bound_addresses {127.0.0.1:9300}, {[::1]:9300}
[2019-01-07T14:35:55,486][WARN ][o.e.b.BootstrapChecks    ] [IpyxMK4] initial heap size [209715200] not equal to maximum heap size [524288000]; this can cause resize pauses and prevents mlockall from locking the entire heap
[2019-01-07T14:35:58,704][INFO ][o.e.c.s.ClusterService   ] [IpyxMK4] new_master {IpyxMK4}{IpyxMK4OSVy_Xb01dRreRQ}{jpgxZG0qTHKEobarOlNS9g}{127.0.0.1}{127.0.0.1:9300}, reason: zen-disco-elected-as-master ([0] nodes joined)
[2019-01-07T14:36:00,864][INFO ][o.e.g.GatewayService     ] [IpyxMK4] recovered [3] indices into cluster_state
[2019-01-07T14:36:01,072][INFO ][o.e.h.n.Netty4HttpServerTransport] [IpyxMK4] publish_address {127.0.0.1:9200}, bound_addresses {127.0.0.1:9200}, {[::1]:9200}
[2019-01-07T14:36:01,073][INFO ][o.e.n.Node               ] [IpyxMK4] started
[2019-01-07T14:36:06,109][INFO ][o.e.c.r.a.AllocationService] [IpyxMK4] Cluster health status changed from [RED] to [YELLOW] (reason: [shards started [[reviewers][0], [articles][0]] ...]).
[2019-01-07T14:36:47,958][DEBUG][o.e.a.a.i.m.p.TransportPutMappingAction] [IpyxMK4] failed to put mappings on indices [[[articles/uLttQDb_StapLDycJ7gpQQ]]], type [article]
org.elasticsearch.index.mapper.MapperParsingException: analyzer [serbian-plugin] not found for field [title]
	at org.elasticsearch.index.mapper.TypeParsers.parseAnalyzersAndTermVectors(TypeParsers.java:120) ~[elasticsearch-5.6.0.jar:5.6.0]
	at org.elasticsearch.index.mapper.TypeParsers.parseTextField(TypeParsers.java:209) ~[elasticsearch-5.6.0.jar:5.6.0]
	at org.elasticsearch.index.mapper.TextFieldMapper$TypeParser.parse(TextFieldMapper.java:185) ~[elasticsearch-5.6.0.jar:5.6.0]
	at org.elasticsearch.index.mapper.ObjectMapper$TypeParser.parseProperties(ObjectMapper.java:277) ~[elasticsearch-5.6.0.jar:5.6.0]
	at org.elasticsearch.index.mapper.ObjectMapper$TypeParser.parseObjectOrDocumentTypeProperties(ObjectMapper.java:199) ~[elasticsearch-5.6.0.jar:5.6.0]
	at org.elasticsearch.index.mapper.RootObjectMapper$TypeParser.parse(RootObjectMapper.java:102) ~[elasticsearch-5.6.0.jar:5.6.0]
	at org.elasticsearch.index.mapper.DocumentMapperParser.parse(DocumentMapperParser.java:111) ~[elasticsearch-5.6.0.jar:5.6.0]
	at org.elasticsearch.index.mapper.DocumentMapperParser.parse(DocumentMapperParser.java:91) ~[elasticsearch-5.6.0.jar:5.6.0]
	at org.elasticsearch.index.mapper.MapperService.parse(MapperService.java:644) ~[elasticsearch-5.6.0.jar:5.6.0]
	at org.elasticsearch.cluster.metadata.MetaDataMappingService$PutMappingExecutor.applyRequest(MetaDataMappingService.java:264) ~[elasticsearch-5.6.0.jar:5.6.0]
	at org.elasticsearch.cluster.metadata.MetaDataMappingService$PutMappingExecutor.execute(MetaDataMappingService.java:230) ~[elasticsearch-5.6.0.jar:5.6.0]
	at org.elasticsearch.cluster.service.ClusterService.executeTasks(ClusterService.java:634) ~[elasticsearch-5.6.0.jar:5.6.0]
	at org.elasticsearch.cluster.service.ClusterService.calculateTaskOutputs(ClusterService.java:612) ~[elasticsearch-5.6.0.jar:5.6.0]
	at org.elasticsearch.cluster.service.ClusterService.runTasks(ClusterService.java:571) [elasticsearch-5.6.0.jar:5.6.0]
	at org.elasticsearch.cluster.service.ClusterService$ClusterServiceTaskBatcher.run(ClusterService.java:263) [elasticsearch-5.6.0.jar:5.6.0]
	at org.elasticsearch.cluster.service.TaskBatcher.runIfNotProcessed(TaskBatcher.java:150) [elasticsearch-5.6.0.jar:5.6.0]
	at org.elasticsearch.cluster.service.TaskBatcher$BatchedTask.run(TaskBatcher.java:188) [elasticsearch-5.6.0.jar:5.6.0]
	at org.elasticsearch.common.util.concurrent.ThreadContext$ContextPreservingRunnable.run(ThreadContext.java:569) [elasticsearch-5.6.0.jar:5.6.0]
	at org.elasticsearch.common.util.concurrent.PrioritizedEsThreadPoolExecutor$TieBreakingPrioritizedRunnable.runAndClean(PrioritizedEsThreadPoolExecutor.java:247) [elasticsearch-5.6.0.jar:5.6.0]
	at org.elasticsearch.common.util.concurrent.PrioritizedEsThreadPoolExecutor$TieBreakingPrioritizedRunnable.run(PrioritizedEsThreadPoolExecutor.java:210) [elasticsearch-5.6.0.jar:5.6.0]
	at java.util.concurrent.ThreadPoolExecutor.runWorker(ThreadPoolExecutor.java:1142) [?:1.8.0_131]
	at java.util.concurrent.ThreadPoolExecutor$Worker.run(ThreadPoolExecutor.java:617) [?:1.8.0_131]
	at java.lang.Thread.run(Thread.java:748) [?:1.8.0_131]
[2019-01-07T14:36:48,558][DEBUG][o.e.a.a.i.m.p.TransportPutMappingAction] [IpyxMK4] failed to put mappings on indices [[[reviewers/wX1c8W8-TyO4YjCruDsXgg]]], type [reviewers]
org.elasticsearch.index.mapper.MapperParsingException: analyzer [serbian-plugin] not found for field [firstName]
	at org.elasticsearch.index.mapper.TypeParsers.parseAnalyzersAndTermVectors(TypeParsers.java:120) ~[elasticsearch-5.6.0.jar:5.6.0]
	at org.elasticsearch.index.mapper.TypeParsers.parseTextField(TypeParsers.java:209) ~[elasticsearch-5.6.0.jar:5.6.0]
	at org.elasticsearch.index.mapper.TextFieldMapper$TypeParser.parse(TextFieldMapper.java:185) ~[elasticsearch-5.6.0.jar:5.6.0]
	at org.elasticsearch.index.mapper.ObjectMapper$TypeParser.parseProperties(ObjectMapper.java:277) ~[elasticsearch-5.6.0.jar:5.6.0]
	at org.elasticsearch.index.mapper.ObjectMapper$TypeParser.parseObjectOrDocumentTypeProperties(ObjectMapper.java:199) ~[elasticsearch-5.6.0.jar:5.6.0]
	at org.elasticsearch.index.mapper.RootObjectMapper$TypeParser.parse(RootObjectMapper.java:102) ~[elasticsearch-5.6.0.jar:5.6.0]
	at org.elasticsearch.index.mapper.DocumentMapperParser.parse(DocumentMapperParser.java:111) ~[elasticsearch-5.6.0.jar:5.6.0]
	at org.elasticsearch.index.mapper.DocumentMapperParser.parse(DocumentMapperParser.java:91) ~[elasticsearch-5.6.0.jar:5.6.0]
	at org.elasticsearch.index.mapper.MapperService.parse(MapperService.java:644) ~[elasticsearch-5.6.0.jar:5.6.0]
	at org.elasticsearch.cluster.metadata.MetaDataMappingService$PutMappingExecutor.applyRequest(MetaDataMappingService.java:264) ~[elasticsearch-5.6.0.jar:5.6.0]
	at org.elasticsearch.cluster.metadata.MetaDataMappingService$PutMappingExecutor.execute(MetaDataMappingService.java:230) ~[elasticsearch-5.6.0.jar:5.6.0]
	at org.elasticsearch.cluster.service.ClusterService.executeTasks(ClusterService.java:634) ~[elasticsearch-5.6.0.jar:5.6.0]
	at org.elasticsearch.cluster.service.ClusterService.calculateTaskOutputs(ClusterService.java:612) ~[elasticsearch-5.6.0.jar:5.6.0]
	at org.elasticsearch.cluster.service.ClusterService.runTasks(ClusterService.java:571) [elasticsearch-5.6.0.jar:5.6.0]
	at org.elasticsearch.cluster.service.ClusterService$ClusterServiceTaskBatcher.run(ClusterService.java:263) [elasticsearch-5.6.0.jar:5.6.0]
	at org.elasticsearch.cluster.service.TaskBatcher.runIfNotProcessed(TaskBatcher.java:150) [elasticsearch-5.6.0.jar:5.6.0]
	at org.elasticsearch.cluster.service.TaskBatcher$BatchedTask.run(TaskBatcher.java:188) [elasticsearch-5.6.0.jar:5.6.0]
	at org.elasticsearch.common.util.concurrent.ThreadContext$ContextPreservingRunnable.run(ThreadContext.java:569) [elasticsearch-5.6.0.jar:5.6.0]
	at org.elasticsearch.common.util.concurrent.PrioritizedEsThreadPoolExecutor$TieBreakingPrioritizedRunnable.runAndClean(PrioritizedEsThreadPoolExecutor.java:247) [elasticsearch-5.6.0.jar:5.6.0]
	at org.elasticsearch.common.util.concurrent.PrioritizedEsThreadPoolExecutor$TieBreakingPrioritizedRunnable.run(PrioritizedEsThreadPoolExecutor.java:210) [elasticsearch-5.6.0.jar:5.6.0]
	at java.util.concurrent.ThreadPoolExecutor.runWorker(ThreadPoolExecutor.java:1142) [?:1.8.0_131]
	at java.util.concurrent.ThreadPoolExecutor$Worker.run(ThreadPoolExecutor.java:617) [?:1.8.0_131]
	at java.lang.Thread.run(Thread.java:748) [?:1.8.0_131]
[2019-01-07T14:39:09,470][INFO ][o.e.c.m.MetaDataDeleteIndexService] [IpyxMK4] [articles/uLttQDb_StapLDycJ7gpQQ] deleting index
[2019-01-07T14:39:33,512][INFO ][o.e.c.m.MetaDataCreateIndexService] [IpyxMK4] [articles] creating index, cause [api], templates [], shards [1]/[0], mappings []
[2019-01-07T14:39:33,878][DEBUG][o.e.a.a.i.m.p.TransportPutMappingAction] [IpyxMK4] failed to put mappings on indices [[[articles/SuXuJ1xGSGa9VsXaaHoTbQ]]], type [article]
org.elasticsearch.index.mapper.MapperParsingException: analyzer [serbian-plugin] not found for field [title]
	at org.elasticsearch.index.mapper.TypeParsers.parseAnalyzersAndTermVectors(TypeParsers.java:120) ~[elasticsearch-5.6.0.jar:5.6.0]
	at org.elasticsearch.index.mapper.TypeParsers.parseTextField(TypeParsers.java:209) ~[elasticsearch-5.6.0.jar:5.6.0]
	at org.elasticsearch.index.mapper.TextFieldMapper$TypeParser.parse(TextFieldMapper.java:185) ~[elasticsearch-5.6.0.jar:5.6.0]
	at org.elasticsearch.index.mapper.ObjectMapper$TypeParser.parseProperties(ObjectMapper.java:277) ~[elasticsearch-5.6.0.jar:5.6.0]
	at org.elasticsearch.index.mapper.ObjectMapper$TypeParser.parseObjectOrDocumentTypeProperties(ObjectMapper.java:199) ~[elasticsearch-5.6.0.jar:5.6.0]
	at org.elasticsearch.index.mapper.RootObjectMapper$TypeParser.parse(RootObjectMapper.java:102) ~[elasticsearch-5.6.0.jar:5.6.0]
	at org.elasticsearch.index.mapper.DocumentMapperParser.parse(DocumentMapperParser.java:111) ~[elasticsearch-5.6.0.jar:5.6.0]
	at org.elasticsearch.index.mapper.DocumentMapperParser.parse(DocumentMapperParser.java:91) ~[elasticsearch-5.6.0.jar:5.6.0]
	at org.elasticsearch.index.mapper.MapperService.parse(MapperService.java:644) ~[elasticsearch-5.6.0.jar:5.6.0]
	at org.elasticsearch.cluster.metadata.MetaDataMappingService$PutMappingExecutor.applyRequest(MetaDataMappingService.java:264) ~[elasticsearch-5.6.0.jar:5.6.0]
	at org.elasticsearch.cluster.metadata.MetaDataMappingService$PutMappingExecutor.execute(MetaDataMappingService.java:230) ~[elasticsearch-5.6.0.jar:5.6.0]
	at org.elasticsearch.cluster.service.ClusterService.executeTasks(ClusterService.java:634) ~[elasticsearch-5.6.0.jar:5.6.0]
	at org.elasticsearch.cluster.service.ClusterService.calculateTaskOutputs(ClusterService.java:612) ~[elasticsearch-5.6.0.jar:5.6.0]
	at org.elasticsearch.cluster.service.ClusterService.runTasks(ClusterService.java:571) [elasticsearch-5.6.0.jar:5.6.0]
	at org.elasticsearch.cluster.service.ClusterService$ClusterServiceTaskBatcher.run(ClusterService.java:263) [elasticsearch-5.6.0.jar:5.6.0]
	at org.elasticsearch.cluster.service.TaskBatcher.runIfNotProcessed(TaskBatcher.java:150) [elasticsearch-5.6.0.jar:5.6.0]
	at org.elasticsearch.cluster.service.TaskBatcher$BatchedTask.run(TaskBatcher.java:188) [elasticsearch-5.6.0.jar:5.6.0]
	at org.elasticsearch.common.util.concurrent.ThreadContext$ContextPreservingRunnable.run(ThreadContext.java:569) [elasticsearch-5.6.0.jar:5.6.0]
	at org.elasticsearch.common.util.concurrent.PrioritizedEsThreadPoolExecutor$TieBreakingPrioritizedRunnable.runAndClean(PrioritizedEsThreadPoolExecutor.java:247) [elasticsearch-5.6.0.jar:5.6.0]
	at org.elasticsearch.common.util.concurrent.PrioritizedEsThreadPoolExecutor$TieBreakingPrioritizedRunnable.run(PrioritizedEsThreadPoolExecutor.java:210) [elasticsearch-5.6.0.jar:5.6.0]
	at java.util.concurrent.ThreadPoolExecutor.runWorker(ThreadPoolExecutor.java:1142) [?:1.8.0_131]
	at java.util.concurrent.ThreadPoolExecutor$Worker.run(ThreadPoolExecutor.java:617) [?:1.8.0_131]
	at java.lang.Thread.run(Thread.java:748) [?:1.8.0_131]
[2019-01-07T14:39:34,144][DEBUG][o.e.a.a.i.m.p.TransportPutMappingAction] [IpyxMK4] failed to put mappings on indices [[[reviewers/wX1c8W8-TyO4YjCruDsXgg]]], type [reviewers]
org.elasticsearch.index.mapper.MapperParsingException: analyzer [serbian-plugin] not found for field [firstName]
	at org.elasticsearch.index.mapper.TypeParsers.parseAnalyzersAndTermVectors(TypeParsers.java:120) ~[elasticsearch-5.6.0.jar:5.6.0]
	at org.elasticsearch.index.mapper.TypeParsers.parseTextField(TypeParsers.java:209) ~[elasticsearch-5.6.0.jar:5.6.0]
	at org.elasticsearch.index.mapper.TextFieldMapper$TypeParser.parse(TextFieldMapper.java:185) ~[elasticsearch-5.6.0.jar:5.6.0]
	at org.elasticsearch.index.mapper.ObjectMapper$TypeParser.parseProperties(ObjectMapper.java:277) ~[elasticsearch-5.6.0.jar:5.6.0]
	at org.elasticsearch.index.mapper.ObjectMapper$TypeParser.parseObjectOrDocumentTypeProperties(ObjectMapper.java:199) ~[elasticsearch-5.6.0.jar:5.6.0]
	at org.elasticsearch.index.mapper.RootObjectMapper$TypeParser.parse(RootObjectMapper.java:102) ~[elasticsearch-5.6.0.jar:5.6.0]
	at org.elasticsearch.index.mapper.DocumentMapperParser.parse(DocumentMapperParser.java:111) ~[elasticsearch-5.6.0.jar:5.6.0]
	at org.elasticsearch.index.mapper.DocumentMapperParser.parse(DocumentMapperParser.java:91) ~[elasticsearch-5.6.0.jar:5.6.0]
	at org.elasticsearch.index.mapper.MapperService.parse(MapperService.java:644) ~[elasticsearch-5.6.0.jar:5.6.0]
	at org.elasticsearch.cluster.metadata.MetaDataMappingService$PutMappingExecutor.applyRequest(MetaDataMappingService.java:264) ~[elasticsearch-5.6.0.jar:5.6.0]
	at org.elasticsearch.cluster.metadata.MetaDataMappingService$PutMappingExecutor.execute(MetaDataMappingService.java:230) ~[elasticsearch-5.6.0.jar:5.6.0]
	at org.elasticsearch.cluster.service.ClusterService.executeTasks(ClusterService.java:634) ~[elasticsearch-5.6.0.jar:5.6.0]
	at org.elasticsearch.cluster.service.ClusterService.calculateTaskOutputs(ClusterService.java:612) ~[elasticsearch-5.6.0.jar:5.6.0]
	at org.elasticsearch.cluster.service.ClusterService.runTasks(ClusterService.java:571) [elasticsearch-5.6.0.jar:5.6.0]
	at org.elasticsearch.cluster.service.ClusterService$ClusterServiceTaskBatcher.run(ClusterService.java:263) [elasticsearch-5.6.0.jar:5.6.0]
	at org.elasticsearch.cluster.service.TaskBatcher.runIfNotProcessed(TaskBatcher.java:150) [elasticsearch-5.6.0.jar:5.6.0]
	at org.elasticsearch.cluster.service.TaskBatcher$BatchedTask.run(TaskBatcher.java:188) [elasticsearch-5.6.0.jar:5.6.0]
	at org.elasticsearch.common.util.concurrent.ThreadContext$ContextPreservingRunnable.run(ThreadContext.java:569) [elasticsearch-5.6.0.jar:5.6.0]
	at org.elasticsearch.common.util.concurrent.PrioritizedEsThreadPoolExecutor$TieBreakingPrioritizedRunnable.runAndClean(PrioritizedEsThreadPoolExecutor.java:247) [elasticsearch-5.6.0.jar:5.6.0]
	at org.elasticsearch.common.util.concurrent.PrioritizedEsThreadPoolExecutor$TieBreakingPrioritizedRunnable.run(PrioritizedEsThreadPoolExecutor.java:210) [elasticsearch-5.6.0.jar:5.6.0]
	at java.util.concurrent.ThreadPoolExecutor.runWorker(ThreadPoolExecutor.java:1142) [?:1.8.0_131]
	at java.util.concurrent.ThreadPoolExecutor$Worker.run(ThreadPoolExecutor.java:617) [?:1.8.0_131]
	at java.lang.Thread.run(Thread.java:748) [?:1.8.0_131]
[2019-01-07T14:42:47,446][INFO ][o.e.c.m.MetaDataMappingService] [IpyxMK4] [articles/SuXuJ1xGSGa9VsXaaHoTbQ] create_mapping [article]
[2019-01-07T14:43:00,328][DEBUG][o.e.a.s.TransportSearchAction] [IpyxMK4] [articles][0], node[IpyxMK4OSVy_Xb01dRreRQ], [P], s[STARTED], a[id=pLgF9kGSS4GWua3CzlkPxg]: Failed to execute [SearchRequest{searchType=QUERY_THEN_FETCH, indices=[articles], indicesOptions=IndicesOptions[id=38, ignore_unavailable=false, allow_no_indices=true, expand_wildcards_open=true, expand_wildcards_closed=false, allow_alisases_to_multiple_indices=true, forbid_closed_indices=true], types=[article], routing='null', preference='null', requestCache=null, scroll=null, maxConcurrentShardRequests=5, batchedReduceSize=512, preFilterShardSize=128, source={
  "from" : 0,
  "query" : {
    "match" : {
      "magazineName" : {
        "query" : "Lepota",
        "operator" : "OR",
        "analyzer" : "serbian-plugin",
        "prefix_length" : 0,
        "max_expansions" : 50,
        "fuzzy_transpositions" : true,
        "lenient" : false,
        "zero_terms_query" : "NONE",
        "boost" : 1.0
      }
    }
  },
  "version" : true,
  "highlight" : {
    "fields" : {
      "magazineName" : { }
    }
  }
}}]
org.elasticsearch.transport.RemoteTransportException: [IpyxMK4][127.0.0.1:9300][indices:data/read/search[phase/query]]
Caused by: org.elasticsearch.index.query.QueryShardException: [match] analyzer [serbian-plugin] not found
	at org.elasticsearch.index.query.MatchQueryBuilder.doToQuery(MatchQueryBuilder.java:446) ~[elasticsearch-5.6.0.jar:5.6.0]
	at org.elasticsearch.index.query.AbstractQueryBuilder.toQuery(AbstractQueryBuilder.java:96) ~[elasticsearch-5.6.0.jar:5.6.0]
	at org.elasticsearch.index.query.QueryShardContext.lambda$toQuery$1(QueryShardContext.java:313) ~[elasticsearch-5.6.0.jar:5.6.0]
	at org.elasticsearch.index.query.QueryShardContext.toQuery(QueryShardContext.java:325) ~[elasticsearch-5.6.0.jar:5.6.0]
	at org.elasticsearch.index.query.QueryShardContext.toQuery(QueryShardContext.java:312) ~[elasticsearch-5.6.0.jar:5.6.0]
	at org.elasticsearch.search.SearchService.parseSource(SearchService.java:617) ~[elasticsearch-5.6.0.jar:5.6.0]
	at org.elasticsearch.search.SearchService.createContext(SearchService.java:485) ~[elasticsearch-5.6.0.jar:5.6.0]
	at org.elasticsearch.search.SearchService.createAndPutContext(SearchService.java:461) ~[elasticsearch-5.6.0.jar:5.6.0]
	at org.elasticsearch.search.SearchService.executeQueryPhase(SearchService.java:257) ~[elasticsearch-5.6.0.jar:5.6.0]
	at org.elasticsearch.action.search.SearchTransportService$6.messageReceived(SearchTransportService.java:340) ~[elasticsearch-5.6.0.jar:5.6.0]
	at org.elasticsearch.action.search.SearchTransportService$6.messageReceived(SearchTransportService.java:337) ~[elasticsearch-5.6.0.jar:5.6.0]
	at org.elasticsearch.transport.RequestHandlerRegistry.processMessageReceived(RequestHandlerRegistry.java:69) ~[elasticsearch-5.6.0.jar:5.6.0]
	at org.elasticsearch.transport.TransportService$7.doRun(TransportService.java:644) [elasticsearch-5.6.0.jar:5.6.0]
	at org.elasticsearch.common.util.concurrent.ThreadContext$ContextPreservingAbstractRunnable.doRun(ThreadContext.java:638) [elasticsearch-5.6.0.jar:5.6.0]
	at org.elasticsearch.common.util.concurrent.AbstractRunnable.run(AbstractRunnable.java:37) [elasticsearch-5.6.0.jar:5.6.0]
	at java.util.concurrent.ThreadPoolExecutor.runWorker(ThreadPoolExecutor.java:1142) [?:1.8.0_131]
	at java.util.concurrent.ThreadPoolExecutor$Worker.run(ThreadPoolExecutor.java:617) [?:1.8.0_131]
	at java.lang.Thread.run(Thread.java:748) [?:1.8.0_131]
[2019-01-07T14:43:00,341][DEBUG][o.e.a.s.TransportSearchAction] [IpyxMK4] All shards failed for phase: [query]
org.elasticsearch.index.query.QueryShardException: [match] analyzer [serbian-plugin] not found
	at org.elasticsearch.index.query.MatchQueryBuilder.doToQuery(MatchQueryBuilder.java:446) ~[elasticsearch-5.6.0.jar:5.6.0]
	at org.elasticsearch.index.query.AbstractQueryBuilder.toQuery(AbstractQueryBuilder.java:96) ~[elasticsearch-5.6.0.jar:5.6.0]
	at org.elasticsearch.index.query.QueryShardContext.lambda$toQuery$1(QueryShardContext.java:313) ~[elasticsearch-5.6.0.jar:5.6.0]
	at org.elasticsearch.index.query.QueryShardContext.toQuery(QueryShardContext.java:325) ~[elasticsearch-5.6.0.jar:5.6.0]
	at org.elasticsearch.index.query.QueryShardContext.toQuery(QueryShardContext.java:312) ~[elasticsearch-5.6.0.jar:5.6.0]
	at org.elasticsearch.search.SearchService.parseSource(SearchService.java:617) ~[elasticsearch-5.6.0.jar:5.6.0]
	at org.elasticsearch.search.SearchService.createContext(SearchService.java:485) ~[elasticsearch-5.6.0.jar:5.6.0]
	at org.elasticsearch.search.SearchService.createAndPutContext(SearchService.java:461) ~[elasticsearch-5.6.0.jar:5.6.0]
	at org.elasticsearch.search.SearchService.executeQueryPhase(SearchService.java:257) ~[elasticsearch-5.6.0.jar:5.6.0]
	at org.elasticsearch.action.search.SearchTransportService$6.messageReceived(SearchTransportService.java:340) ~[elasticsearch-5.6.0.jar:5.6.0]
	at org.elasticsearch.action.search.SearchTransportService$6.messageReceived(SearchTransportService.java:337) ~[elasticsearch-5.6.0.jar:5.6.0]
	at org.elasticsearch.transport.RequestHandlerRegistry.processMessageReceived(RequestHandlerRegistry.java:69) ~[elasticsearch-5.6.0.jar:5.6.0]
	at org.elasticsearch.transport.TransportService$7.doRun(TransportService.java:644) [elasticsearch-5.6.0.jar:5.6.0]
	at org.elasticsearch.common.util.concurrent.ThreadContext$ContextPreservingAbstractRunnable.doRun(ThreadContext.java:638) [elasticsearch-5.6.0.jar:5.6.0]
	at org.elasticsearch.common.util.concurrent.AbstractRunnable.run(AbstractRunnable.java:37) [elasticsearch-5.6.0.jar:5.6.0]
	at java.util.concurrent.ThreadPoolExecutor.runWorker(ThreadPoolExecutor.java:1142) [?:1.8.0_131]
	at java.util.concurrent.ThreadPoolExecutor$Worker.run(ThreadPoolExecutor.java:617) [?:1.8.0_131]
	at java.lang.Thread.run(Thread.java:748) [?:1.8.0_131]
[2019-01-07T14:47:14,629][INFO ][o.e.c.m.MetaDataCreateIndexService] [IpyxMK4] [my_index] creating index, cause [api], templates [], shards [5]/[1], mappings []
[2019-01-07T14:47:38,256][DEBUG][o.e.a.a.i.m.p.TransportPutMappingAction] [IpyxMK4] failed to put mappings on indices [[[my_index/DSODOmTCRtO2bNU6B-IhJQ]]], type [_cat]
org.elasticsearch.indices.InvalidTypeNameException: Document mapping type name can't start with '_', found: [_cat]
	at org.elasticsearch.cluster.metadata.MetaDataMappingService$PutMappingExecutor.applyRequest(MetaDataMappingService.java:297) ~[elasticsearch-5.6.0.jar:5.6.0]
	at org.elasticsearch.cluster.metadata.MetaDataMappingService$PutMappingExecutor.execute(MetaDataMappingService.java:230) ~[elasticsearch-5.6.0.jar:5.6.0]
	at org.elasticsearch.cluster.service.ClusterService.executeTasks(ClusterService.java:634) ~[elasticsearch-5.6.0.jar:5.6.0]
	at org.elasticsearch.cluster.service.ClusterService.calculateTaskOutputs(ClusterService.java:612) ~[elasticsearch-5.6.0.jar:5.6.0]
	at org.elasticsearch.cluster.service.ClusterService.runTasks(ClusterService.java:571) [elasticsearch-5.6.0.jar:5.6.0]
	at org.elasticsearch.cluster.service.ClusterService$ClusterServiceTaskBatcher.run(ClusterService.java:263) [elasticsearch-5.6.0.jar:5.6.0]
	at org.elasticsearch.cluster.service.TaskBatcher.runIfNotProcessed(TaskBatcher.java:150) [elasticsearch-5.6.0.jar:5.6.0]
	at org.elasticsearch.cluster.service.TaskBatcher$BatchedTask.run(TaskBatcher.java:188) [elasticsearch-5.6.0.jar:5.6.0]
	at org.elasticsearch.common.util.concurrent.ThreadContext$ContextPreservingRunnable.run(ThreadContext.java:569) [elasticsearch-5.6.0.jar:5.6.0]
	at org.elasticsearch.common.util.concurrent.PrioritizedEsThreadPoolExecutor$TieBreakingPrioritizedRunnable.runAndClean(PrioritizedEsThreadPoolExecutor.java:247) [elasticsearch-5.6.0.jar:5.6.0]
	at org.elasticsearch.common.util.concurrent.PrioritizedEsThreadPoolExecutor$TieBreakingPrioritizedRunnable.run(PrioritizedEsThreadPoolExecutor.java:210) [elasticsearch-5.6.0.jar:5.6.0]
	at java.util.concurrent.ThreadPoolExecutor.runWorker(ThreadPoolExecutor.java:1142) [?:1.8.0_131]
	at java.util.concurrent.ThreadPoolExecutor$Worker.run(ThreadPoolExecutor.java:617) [?:1.8.0_131]
	at java.lang.Thread.run(Thread.java:748) [?:1.8.0_131]
[2019-01-07T14:52:13,419][INFO ][o.e.b.Bootstrap          ] running graceful exit on windows
[2019-01-07T14:52:13,420][INFO ][o.e.n.Node               ] [IpyxMK4] stopping ...
[2019-01-07T14:52:13,468][INFO ][o.e.n.Node               ] [IpyxMK4] stopped
[2019-01-07T14:52:13,468][INFO ][o.e.n.Node               ] [IpyxMK4] closing ...
[2019-01-07T14:52:14,665][INFO ][o.e.n.Node               ] [IpyxMK4] closed
