[2019-01-09T23:15:09,482][INFO ][o.e.n.Node               ] [] initializing ...
[2019-01-09T23:15:16,662][INFO ][o.e.e.NodeEnvironment    ] [IpyxMK4] using [1] data paths, mounts [[(D:)]], net usable_space [99.8gb], net total_space [394.9gb], spins? [unknown], types [NTFS]
[2019-01-09T23:15:16,663][INFO ][o.e.e.NodeEnvironment    ] [IpyxMK4] heap size [487.2mb], compressed ordinary object pointers [unknown]
[2019-01-09T23:15:19,039][INFO ][o.e.n.Node               ] node name [IpyxMK4] derived from node ID [IpyxMK4OSVy_Xb01dRreRQ]; set [node.name] to override
[2019-01-09T23:15:19,046][INFO ][o.e.n.Node               ] version[5.6.0], pid[5980], build[781a835/2017-09-07T03:09:58.087Z], OS[Windows 7/6.1/x86], JVM[Oracle Corporation/Java HotSpot(TM) Server VM/1.8.0_131/25.131-b11]
[2019-01-09T23:15:19,047][INFO ][o.e.n.Node               ] JVM arguments [-Xms200m, -Xmx500m, -XX:+UseConcMarkSweepGC, -XX:CMSInitiatingOccupancyFraction=75, -XX:+UseCMSInitiatingOccupancyOnly, -XX:+AlwaysPreTouch, -Xss1m, -Djava.awt.headless=true, -Dfile.encoding=UTF-8, -Djna.nosys=true, -Djdk.io.permissionsUseCanonicalPath=true, -Dio.netty.noUnsafe=true, -Dio.netty.noKeySetOptimization=true, -Dio.netty.recycler.maxCapacityPerThread=0, -Dlog4j.shutdownHookEnabled=false, -Dlog4j2.disable.jmx=true, -Dlog4j.skipJansi=true, -XX:+HeapDumpOnOutOfMemoryError, -Delasticsearch, -Des.path.home=D:\Fakultet\Master\UDD\elasticsearch-5.6.0]
[2019-01-09T23:15:47,081][INFO ][o.e.p.PluginsService     ] [IpyxMK4] loaded module [aggs-matrix-stats]
[2019-01-09T23:15:47,082][INFO ][o.e.p.PluginsService     ] [IpyxMK4] loaded module [ingest-common]
[2019-01-09T23:15:47,082][INFO ][o.e.p.PluginsService     ] [IpyxMK4] loaded module [lang-expression]
[2019-01-09T23:15:47,082][INFO ][o.e.p.PluginsService     ] [IpyxMK4] loaded module [lang-groovy]
[2019-01-09T23:15:47,083][INFO ][o.e.p.PluginsService     ] [IpyxMK4] loaded module [lang-mustache]
[2019-01-09T23:15:47,083][INFO ][o.e.p.PluginsService     ] [IpyxMK4] loaded module [lang-painless]
[2019-01-09T23:15:47,084][INFO ][o.e.p.PluginsService     ] [IpyxMK4] loaded module [parent-join]
[2019-01-09T23:15:47,084][INFO ][o.e.p.PluginsService     ] [IpyxMK4] loaded module [percolator]
[2019-01-09T23:15:47,086][INFO ][o.e.p.PluginsService     ] [IpyxMK4] loaded module [reindex]
[2019-01-09T23:15:47,086][INFO ][o.e.p.PluginsService     ] [IpyxMK4] loaded module [transport-netty3]
[2019-01-09T23:15:47,087][INFO ][o.e.p.PluginsService     ] [IpyxMK4] loaded module [transport-netty4]
[2019-01-09T23:15:47,089][INFO ][o.e.p.PluginsService     ] [IpyxMK4] loaded plugin [analysis-icu]
[2019-01-09T23:15:47,089][INFO ][o.e.p.PluginsService     ] [IpyxMK4] loaded plugin [serbian-plugin]
[2019-01-09T23:18:34,501][INFO ][o.e.d.DiscoveryModule    ] [IpyxMK4] using discovery type [zen]
[2019-01-09T23:19:03,066][INFO ][o.e.n.Node               ] initialized
[2019-01-09T23:19:03,067][INFO ][o.e.n.Node               ] [IpyxMK4] starting ...
[2019-01-09T23:19:09,611][INFO ][o.e.t.TransportService   ] [IpyxMK4] publish_address {127.0.0.1:9300}, bound_addresses {127.0.0.1:9300}, {[::1]:9300}
[2019-01-09T23:19:09,967][WARN ][o.e.b.BootstrapChecks    ] [IpyxMK4] initial heap size [209715200] not equal to maximum heap size [524288000]; this can cause resize pauses and prevents mlockall from locking the entire heap
[2019-01-09T23:19:13,667][INFO ][o.e.c.s.ClusterService   ] [IpyxMK4] new_master {IpyxMK4}{IpyxMK4OSVy_Xb01dRreRQ}{RqasOjFaROqoUGf6Ic3igw}{127.0.0.1}{127.0.0.1:9300}, reason: zen-disco-elected-as-master ([0] nodes joined)
[2019-01-09T23:19:15,976][INFO ][o.e.h.n.Netty4HttpServerTransport] [IpyxMK4] publish_address {127.0.0.1:9200}, bound_addresses {127.0.0.1:9200}, {[::1]:9200}
[2019-01-09T23:19:15,976][INFO ][o.e.n.Node               ] [IpyxMK4] started
[2019-01-09T23:19:23,429][INFO ][o.e.g.GatewayService     ] [IpyxMK4] recovered [4] indices into cluster_state
[2019-01-09T23:19:30,214][INFO ][o.e.c.r.a.AllocationService] [IpyxMK4] Cluster health status changed from [RED] to [YELLOW] (reason: [shards started [[reviewers][0]] ...]).
[2019-01-09T23:25:59,088][DEBUG][o.e.a.a.i.m.p.TransportPutMappingAction] [IpyxMK4] failed to put mappings on indices [[[articles/SuXuJ1xGSGa9VsXaaHoTbQ]]], type [article]
org.elasticsearch.index.mapper.MapperParsingException: analyzer [serbian-plugin] not found for field [title]
	at org.elasticsearch.index.mapper.TypeParsers.parseAnalyzersAndTermVectors(TypeParsers.java:120) ~[elasticsearch-5.6.0.jar:5.6.0]
	at org.elasticsearch.index.mapper.TypeParsers.parseTextField(TypeParsers.java:209) ~[elasticsearch-5.6.0.jar:5.6.0]
	at org.elasticsearch.index.mapper.TextFieldMapper$TypeParser.parse(TextFieldMapper.java:185) ~[elasticsearch-5.6.0.jar:5.6.0]
	at org.elasticsearch.index.mapper.ObjectMapper$TypeParser.parseProperties(ObjectMapper.java:277) ~[elasticsearch-5.6.0.jar:5.6.0]
	at org.elasticsearch.index.mapper.ObjectMapper$TypeParser.parseObjectOrDocumentTypeProperties(ObjectMapper.java:199) ~[elasticsearch-5.6.0.jar:5.6.0]
	at org.elasticsearch.index.mapper.RootObjectMapper$TypeParser.parse(RootObjectMapper.java:102) ~[elasticsearch-5.6.0.jar:5.6.0]
	at org.elasticsearch.index.mapper.DocumentMapperParser.parse(DocumentMapperParser.java:111) ~[elasticsearch-5.6.0.jar:5.6.0]
	at org.elasticsearch.index.mapper.DocumentMapperParser.parse(DocumentMapperParser.java:91) ~[elasticsearch-5.6.0.jar:5.6.0]
	at org.elasticsearch.index.mapper.MapperService.parse(MapperService.java:644) ~[elasticsearch-5.6.0.jar:5.6.0]
	at org.elasticsearch.cluster.metadata.MetaDataMappingService$PutMappingExecutor.applyRequest(MetaDataMappingService.java:264) ~[elasticsearch-5.6.0.jar:5.6.0]
	at org.elasticsearch.cluster.metadata.MetaDataMappingService$PutMappingExecutor.execute(MetaDataMappingService.java:230) ~[elasticsearch-5.6.0.jar:5.6.0]
	at org.elasticsearch.cluster.service.ClusterService.executeTasks(ClusterService.java:634) ~[elasticsearch-5.6.0.jar:5.6.0]
	at org.elasticsearch.cluster.service.ClusterService.calculateTaskOutputs(ClusterService.java:612) ~[elasticsearch-5.6.0.jar:5.6.0]
	at org.elasticsearch.cluster.service.ClusterService.runTasks(ClusterService.java:571) [elasticsearch-5.6.0.jar:5.6.0]
	at org.elasticsearch.cluster.service.ClusterService$ClusterServiceTaskBatcher.run(ClusterService.java:263) [elasticsearch-5.6.0.jar:5.6.0]
	at org.elasticsearch.cluster.service.TaskBatcher.runIfNotProcessed(TaskBatcher.java:150) [elasticsearch-5.6.0.jar:5.6.0]
	at org.elasticsearch.cluster.service.TaskBatcher$BatchedTask.run(TaskBatcher.java:188) [elasticsearch-5.6.0.jar:5.6.0]
	at org.elasticsearch.common.util.concurrent.ThreadContext$ContextPreservingRunnable.run(ThreadContext.java:569) [elasticsearch-5.6.0.jar:5.6.0]
	at org.elasticsearch.common.util.concurrent.PrioritizedEsThreadPoolExecutor$TieBreakingPrioritizedRunnable.runAndClean(PrioritizedEsThreadPoolExecutor.java:247) [elasticsearch-5.6.0.jar:5.6.0]
	at org.elasticsearch.common.util.concurrent.PrioritizedEsThreadPoolExecutor$TieBreakingPrioritizedRunnable.run(PrioritizedEsThreadPoolExecutor.java:210) [elasticsearch-5.6.0.jar:5.6.0]
	at java.util.concurrent.ThreadPoolExecutor.runWorker(ThreadPoolExecutor.java:1142) [?:1.8.0_131]
	at java.util.concurrent.ThreadPoolExecutor$Worker.run(ThreadPoolExecutor.java:617) [?:1.8.0_131]
	at java.lang.Thread.run(Thread.java:748) [?:1.8.0_131]
[2019-01-09T23:26:02,057][DEBUG][o.e.a.a.i.m.p.TransportPutMappingAction] [IpyxMK4] failed to put mappings on indices [[[reviewers/wX1c8W8-TyO4YjCruDsXgg]]], type [reviewers]
org.elasticsearch.index.mapper.MapperParsingException: analyzer [serbian-plugin] not found for field [firstName]
	at org.elasticsearch.index.mapper.TypeParsers.parseAnalyzersAndTermVectors(TypeParsers.java:120) ~[elasticsearch-5.6.0.jar:5.6.0]
	at org.elasticsearch.index.mapper.TypeParsers.parseTextField(TypeParsers.java:209) ~[elasticsearch-5.6.0.jar:5.6.0]
	at org.elasticsearch.index.mapper.TextFieldMapper$TypeParser.parse(TextFieldMapper.java:185) ~[elasticsearch-5.6.0.jar:5.6.0]
	at org.elasticsearch.index.mapper.ObjectMapper$TypeParser.parseProperties(ObjectMapper.java:277) ~[elasticsearch-5.6.0.jar:5.6.0]
	at org.elasticsearch.index.mapper.ObjectMapper$TypeParser.parseObjectOrDocumentTypeProperties(ObjectMapper.java:199) ~[elasticsearch-5.6.0.jar:5.6.0]
	at org.elasticsearch.index.mapper.RootObjectMapper$TypeParser.parse(RootObjectMapper.java:102) ~[elasticsearch-5.6.0.jar:5.6.0]
	at org.elasticsearch.index.mapper.DocumentMapperParser.parse(DocumentMapperParser.java:111) ~[elasticsearch-5.6.0.jar:5.6.0]
	at org.elasticsearch.index.mapper.DocumentMapperParser.parse(DocumentMapperParser.java:91) ~[elasticsearch-5.6.0.jar:5.6.0]
	at org.elasticsearch.index.mapper.MapperService.parse(MapperService.java:644) ~[elasticsearch-5.6.0.jar:5.6.0]
	at org.elasticsearch.cluster.metadata.MetaDataMappingService$PutMappingExecutor.applyRequest(MetaDataMappingService.java:264) ~[elasticsearch-5.6.0.jar:5.6.0]
	at org.elasticsearch.cluster.metadata.MetaDataMappingService$PutMappingExecutor.execute(MetaDataMappingService.java:230) ~[elasticsearch-5.6.0.jar:5.6.0]
	at org.elasticsearch.cluster.service.ClusterService.executeTasks(ClusterService.java:634) ~[elasticsearch-5.6.0.jar:5.6.0]
	at org.elasticsearch.cluster.service.ClusterService.calculateTaskOutputs(ClusterService.java:612) ~[elasticsearch-5.6.0.jar:5.6.0]
	at org.elasticsearch.cluster.service.ClusterService.runTasks(ClusterService.java:571) [elasticsearch-5.6.0.jar:5.6.0]
	at org.elasticsearch.cluster.service.ClusterService$ClusterServiceTaskBatcher.run(ClusterService.java:263) [elasticsearch-5.6.0.jar:5.6.0]
	at org.elasticsearch.cluster.service.TaskBatcher.runIfNotProcessed(TaskBatcher.java:150) [elasticsearch-5.6.0.jar:5.6.0]
	at org.elasticsearch.cluster.service.TaskBatcher$BatchedTask.run(TaskBatcher.java:188) [elasticsearch-5.6.0.jar:5.6.0]
	at org.elasticsearch.common.util.concurrent.ThreadContext$ContextPreservingRunnable.run(ThreadContext.java:569) [elasticsearch-5.6.0.jar:5.6.0]
	at org.elasticsearch.common.util.concurrent.PrioritizedEsThreadPoolExecutor$TieBreakingPrioritizedRunnable.runAndClean(PrioritizedEsThreadPoolExecutor.java:247) [elasticsearch-5.6.0.jar:5.6.0]
	at org.elasticsearch.common.util.concurrent.PrioritizedEsThreadPoolExecutor$TieBreakingPrioritizedRunnable.run(PrioritizedEsThreadPoolExecutor.java:210) [elasticsearch-5.6.0.jar:5.6.0]
	at java.util.concurrent.ThreadPoolExecutor.runWorker(ThreadPoolExecutor.java:1142) [?:1.8.0_131]
	at java.util.concurrent.ThreadPoolExecutor$Worker.run(ThreadPoolExecutor.java:617) [?:1.8.0_131]
	at java.lang.Thread.run(Thread.java:748) [?:1.8.0_131]
