[2019-01-10T00:30:22,783][WARN ][o.e.m.j.JvmGcMonitorService] [IpyxMK4] [gc][young][4269][7] duration [3.4s], collections [1]/[4.2s], total [3.4s]/[4s], memory [148.2mb]->[93.8mb]/[487.2mb], all_pools {[young] [102.5mb]->[289.1kb]/[102.5mb]}{[survivor] [10.2mb]->[4.9mb]/[12.7mb]}{[old] [35.4mb]->[88.6mb]/[372mb]}
[2019-01-10T00:30:23,771][WARN ][o.e.m.j.JvmGcMonitorService] [IpyxMK4] [gc][4269] overhead, spent [3.4s] collecting in the last [4.2s]
[2019-01-10T00:56:56,062][DEBUG][o.e.a.a.i.m.p.TransportPutMappingAction] [IpyxMK4] failed to put mappings on indices [[[articles/SuXuJ1xGSGa9VsXaaHoTbQ]]], type [article]
org.elasticsearch.index.mapper.MapperParsingException: analyzer [serbian-plugin] not found for field [title]
	at org.elasticsearch.index.mapper.TypeParsers.parseAnalyzersAndTermVectors(TypeParsers.java:120) ~[elasticsearch-5.6.0.jar:5.6.0]
	at org.elasticsearch.index.mapper.TypeParsers.parseTextField(TypeParsers.java:209) ~[elasticsearch-5.6.0.jar:5.6.0]
	at org.elasticsearch.index.mapper.TextFieldMapper$TypeParser.parse(TextFieldMapper.java:185) ~[elasticsearch-5.6.0.jar:5.6.0]
	at org.elasticsearch.index.mapper.ObjectMapper$TypeParser.parseProperties(ObjectMapper.java:277) ~[elasticsearch-5.6.0.jar:5.6.0]
	at org.elasticsearch.index.mapper.ObjectMapper$TypeParser.parseObjectOrDocumentTypeProperties(ObjectMapper.java:199) ~[elasticsearch-5.6.0.jar:5.6.0]
	at org.elasticsearch.index.mapper.RootObjectMapper$TypeParser.parse(RootObjectMapper.java:102) ~[elasticsearch-5.6.0.jar:5.6.0]
	at org.elasticsearch.index.mapper.DocumentMapperParser.parse(DocumentMapperParser.java:111) ~[elasticsearch-5.6.0.jar:5.6.0]
	at org.elasticsearch.index.mapper.DocumentMapperParser.parse(DocumentMapperParser.java:91) ~[elasticsearch-5.6.0.jar:5.6.0]
	at org.elasticsearch.index.mapper.MapperService.parse(MapperService.java:644) ~[elasticsearch-5.6.0.jar:5.6.0]
	at org.elasticsearch.cluster.metadata.MetaDataMappingService$PutMappingExecutor.applyRequest(MetaDataMappingService.java:264) ~[elasticsearch-5.6.0.jar:5.6.0]
	at org.elasticsearch.cluster.metadata.MetaDataMappingService$PutMappingExecutor.execute(MetaDataMappingService.java:230) ~[elasticsearch-5.6.0.jar:5.6.0]
	at org.elasticsearch.cluster.service.ClusterService.executeTasks(ClusterService.java:634) ~[elasticsearch-5.6.0.jar:5.6.0]
	at org.elasticsearch.cluster.service.ClusterService.calculateTaskOutputs(ClusterService.java:612) ~[elasticsearch-5.6.0.jar:5.6.0]
	at org.elasticsearch.cluster.service.ClusterService.runTasks(ClusterService.java:571) [elasticsearch-5.6.0.jar:5.6.0]
	at org.elasticsearch.cluster.service.ClusterService$ClusterServiceTaskBatcher.run(ClusterService.java:263) [elasticsearch-5.6.0.jar:5.6.0]
	at org.elasticsearch.cluster.service.TaskBatcher.runIfNotProcessed(TaskBatcher.java:150) [elasticsearch-5.6.0.jar:5.6.0]
	at org.elasticsearch.cluster.service.TaskBatcher$BatchedTask.run(TaskBatcher.java:188) [elasticsearch-5.6.0.jar:5.6.0]
	at org.elasticsearch.common.util.concurrent.ThreadContext$ContextPreservingRunnable.run(ThreadContext.java:569) [elasticsearch-5.6.0.jar:5.6.0]
	at org.elasticsearch.common.util.concurrent.PrioritizedEsThreadPoolExecutor$TieBreakingPrioritizedRunnable.runAndClean(PrioritizedEsThreadPoolExecutor.java:247) [elasticsearch-5.6.0.jar:5.6.0]
	at org.elasticsearch.common.util.concurrent.PrioritizedEsThreadPoolExecutor$TieBreakingPrioritizedRunnable.run(PrioritizedEsThreadPoolExecutor.java:210) [elasticsearch-5.6.0.jar:5.6.0]
	at java.util.concurrent.ThreadPoolExecutor.runWorker(ThreadPoolExecutor.java:1142) [?:1.8.0_131]
	at java.util.concurrent.ThreadPoolExecutor$Worker.run(ThreadPoolExecutor.java:617) [?:1.8.0_131]
	at java.lang.Thread.run(Thread.java:748) [?:1.8.0_131]
[2019-01-10T00:57:31,549][DEBUG][o.e.a.a.i.m.p.TransportPutMappingAction] [IpyxMK4] failed to put mappings on indices [[[reviewers/wX1c8W8-TyO4YjCruDsXgg]]], type [reviewers]
org.elasticsearch.index.mapper.MapperParsingException: analyzer [serbian-plugin] not found for field [firstName]
	at org.elasticsearch.index.mapper.TypeParsers.parseAnalyzersAndTermVectors(TypeParsers.java:120) ~[elasticsearch-5.6.0.jar:5.6.0]
	at org.elasticsearch.index.mapper.TypeParsers.parseTextField(TypeParsers.java:209) ~[elasticsearch-5.6.0.jar:5.6.0]
	at org.elasticsearch.index.mapper.TextFieldMapper$TypeParser.parse(TextFieldMapper.java:185) ~[elasticsearch-5.6.0.jar:5.6.0]
	at org.elasticsearch.index.mapper.ObjectMapper$TypeParser.parseProperties(ObjectMapper.java:277) ~[elasticsearch-5.6.0.jar:5.6.0]
	at org.elasticsearch.index.mapper.ObjectMapper$TypeParser.parseObjectOrDocumentTypeProperties(ObjectMapper.java:199) ~[elasticsearch-5.6.0.jar:5.6.0]
	at org.elasticsearch.index.mapper.RootObjectMapper$TypeParser.parse(RootObjectMapper.java:102) ~[elasticsearch-5.6.0.jar:5.6.0]
	at org.elasticsearch.index.mapper.DocumentMapperParser.parse(DocumentMapperParser.java:111) ~[elasticsearch-5.6.0.jar:5.6.0]
	at org.elasticsearch.index.mapper.DocumentMapperParser.parse(DocumentMapperParser.java:91) ~[elasticsearch-5.6.0.jar:5.6.0]
	at org.elasticsearch.index.mapper.MapperService.parse(MapperService.java:644) ~[elasticsearch-5.6.0.jar:5.6.0]
	at org.elasticsearch.cluster.metadata.MetaDataMappingService$PutMappingExecutor.applyRequest(MetaDataMappingService.java:264) ~[elasticsearch-5.6.0.jar:5.6.0]
	at org.elasticsearch.cluster.metadata.MetaDataMappingService$PutMappingExecutor.execute(MetaDataMappingService.java:230) ~[elasticsearch-5.6.0.jar:5.6.0]
	at org.elasticsearch.cluster.service.ClusterService.executeTasks(ClusterService.java:634) ~[elasticsearch-5.6.0.jar:5.6.0]
	at org.elasticsearch.cluster.service.ClusterService.calculateTaskOutputs(ClusterService.java:612) ~[elasticsearch-5.6.0.jar:5.6.0]
	at org.elasticsearch.cluster.service.ClusterService.runTasks(ClusterService.java:571) [elasticsearch-5.6.0.jar:5.6.0]
	at org.elasticsearch.cluster.service.ClusterService$ClusterServiceTaskBatcher.run(ClusterService.java:263) [elasticsearch-5.6.0.jar:5.6.0]
	at org.elasticsearch.cluster.service.TaskBatcher.runIfNotProcessed(TaskBatcher.java:150) [elasticsearch-5.6.0.jar:5.6.0]
	at org.elasticsearch.cluster.service.TaskBatcher$BatchedTask.run(TaskBatcher.java:188) [elasticsearch-5.6.0.jar:5.6.0]
	at org.elasticsearch.common.util.concurrent.ThreadContext$ContextPreservingRunnable.run(ThreadContext.java:569) [elasticsearch-5.6.0.jar:5.6.0]
	at org.elasticsearch.common.util.concurrent.PrioritizedEsThreadPoolExecutor$TieBreakingPrioritizedRunnable.runAndClean(PrioritizedEsThreadPoolExecutor.java:247) [elasticsearch-5.6.0.jar:5.6.0]
	at org.elasticsearch.common.util.concurrent.PrioritizedEsThreadPoolExecutor$TieBreakingPrioritizedRunnable.run(PrioritizedEsThreadPoolExecutor.java:210) [elasticsearch-5.6.0.jar:5.6.0]
	at java.util.concurrent.ThreadPoolExecutor.runWorker(ThreadPoolExecutor.java:1142) [?:1.8.0_131]
	at java.util.concurrent.ThreadPoolExecutor$Worker.run(ThreadPoolExecutor.java:617) [?:1.8.0_131]
	at java.lang.Thread.run(Thread.java:748) [?:1.8.0_131]
[2019-01-10T01:24:55,778][DEBUG][o.e.a.a.i.m.p.TransportPutMappingAction] [IpyxMK4] failed to put mappings on indices [[[articles/SuXuJ1xGSGa9VsXaaHoTbQ]]], type [article]
org.elasticsearch.index.mapper.MapperParsingException: analyzer [serbian-plugin] not found for field [title]
	at org.elasticsearch.index.mapper.TypeParsers.parseAnalyzersAndTermVectors(TypeParsers.java:120) ~[elasticsearch-5.6.0.jar:5.6.0]
	at org.elasticsearch.index.mapper.TypeParsers.parseTextField(TypeParsers.java:209) ~[elasticsearch-5.6.0.jar:5.6.0]
	at org.elasticsearch.index.mapper.TextFieldMapper$TypeParser.parse(TextFieldMapper.java:185) ~[elasticsearch-5.6.0.jar:5.6.0]
	at org.elasticsearch.index.mapper.ObjectMapper$TypeParser.parseProperties(ObjectMapper.java:277) ~[elasticsearch-5.6.0.jar:5.6.0]
	at org.elasticsearch.index.mapper.ObjectMapper$TypeParser.parseObjectOrDocumentTypeProperties(ObjectMapper.java:199) ~[elasticsearch-5.6.0.jar:5.6.0]
	at org.elasticsearch.index.mapper.RootObjectMapper$TypeParser.parse(RootObjectMapper.java:102) ~[elasticsearch-5.6.0.jar:5.6.0]
	at org.elasticsearch.index.mapper.DocumentMapperParser.parse(DocumentMapperParser.java:111) ~[elasticsearch-5.6.0.jar:5.6.0]
	at org.elasticsearch.index.mapper.DocumentMapperParser.parse(DocumentMapperParser.java:91) ~[elasticsearch-5.6.0.jar:5.6.0]
	at org.elasticsearch.index.mapper.MapperService.parse(MapperService.java:644) ~[elasticsearch-5.6.0.jar:5.6.0]
	at org.elasticsearch.cluster.metadata.MetaDataMappingService$PutMappingExecutor.applyRequest(MetaDataMappingService.java:264) ~[elasticsearch-5.6.0.jar:5.6.0]
	at org.elasticsearch.cluster.metadata.MetaDataMappingService$PutMappingExecutor.execute(MetaDataMappingService.java:230) ~[elasticsearch-5.6.0.jar:5.6.0]
	at org.elasticsearch.cluster.service.ClusterService.executeTasks(ClusterService.java:634) ~[elasticsearch-5.6.0.jar:5.6.0]
	at org.elasticsearch.cluster.service.ClusterService.calculateTaskOutputs(ClusterService.java:612) ~[elasticsearch-5.6.0.jar:5.6.0]
	at org.elasticsearch.cluster.service.ClusterService.runTasks(ClusterService.java:571) [elasticsearch-5.6.0.jar:5.6.0]
	at org.elasticsearch.cluster.service.ClusterService$ClusterServiceTaskBatcher.run(ClusterService.java:263) [elasticsearch-5.6.0.jar:5.6.0]
	at org.elasticsearch.cluster.service.TaskBatcher.runIfNotProcessed(TaskBatcher.java:150) [elasticsearch-5.6.0.jar:5.6.0]
	at org.elasticsearch.cluster.service.TaskBatcher$BatchedTask.run(TaskBatcher.java:188) [elasticsearch-5.6.0.jar:5.6.0]
	at org.elasticsearch.common.util.concurrent.ThreadContext$ContextPreservingRunnable.run(ThreadContext.java:569) [elasticsearch-5.6.0.jar:5.6.0]
	at org.elasticsearch.common.util.concurrent.PrioritizedEsThreadPoolExecutor$TieBreakingPrioritizedRunnable.runAndClean(PrioritizedEsThreadPoolExecutor.java:247) [elasticsearch-5.6.0.jar:5.6.0]
	at org.elasticsearch.common.util.concurrent.PrioritizedEsThreadPoolExecutor$TieBreakingPrioritizedRunnable.run(PrioritizedEsThreadPoolExecutor.java:210) [elasticsearch-5.6.0.jar:5.6.0]
	at java.util.concurrent.ThreadPoolExecutor.runWorker(ThreadPoolExecutor.java:1142) [?:1.8.0_131]
	at java.util.concurrent.ThreadPoolExecutor$Worker.run(ThreadPoolExecutor.java:617) [?:1.8.0_131]
	at java.lang.Thread.run(Thread.java:748) [?:1.8.0_131]
[2019-01-10T01:25:13,467][DEBUG][o.e.a.a.i.m.p.TransportPutMappingAction] [IpyxMK4] failed to put mappings on indices [[[reviewers/wX1c8W8-TyO4YjCruDsXgg]]], type [reviewers]
org.elasticsearch.index.mapper.MapperParsingException: analyzer [serbian-plugin] not found for field [firstName]
	at org.elasticsearch.index.mapper.TypeParsers.parseAnalyzersAndTermVectors(TypeParsers.java:120) ~[elasticsearch-5.6.0.jar:5.6.0]
	at org.elasticsearch.index.mapper.TypeParsers.parseTextField(TypeParsers.java:209) ~[elasticsearch-5.6.0.jar:5.6.0]
	at org.elasticsearch.index.mapper.TextFieldMapper$TypeParser.parse(TextFieldMapper.java:185) ~[elasticsearch-5.6.0.jar:5.6.0]
	at org.elasticsearch.index.mapper.ObjectMapper$TypeParser.parseProperties(ObjectMapper.java:277) ~[elasticsearch-5.6.0.jar:5.6.0]
	at org.elasticsearch.index.mapper.ObjectMapper$TypeParser.parseObjectOrDocumentTypeProperties(ObjectMapper.java:199) ~[elasticsearch-5.6.0.jar:5.6.0]
	at org.elasticsearch.index.mapper.RootObjectMapper$TypeParser.parse(RootObjectMapper.java:102) ~[elasticsearch-5.6.0.jar:5.6.0]
	at org.elasticsearch.index.mapper.DocumentMapperParser.parse(DocumentMapperParser.java:111) ~[elasticsearch-5.6.0.jar:5.6.0]
	at org.elasticsearch.index.mapper.DocumentMapperParser.parse(DocumentMapperParser.java:91) ~[elasticsearch-5.6.0.jar:5.6.0]
	at org.elasticsearch.index.mapper.MapperService.parse(MapperService.java:644) ~[elasticsearch-5.6.0.jar:5.6.0]
	at org.elasticsearch.cluster.metadata.MetaDataMappingService$PutMappingExecutor.applyRequest(MetaDataMappingService.java:264) ~[elasticsearch-5.6.0.jar:5.6.0]
	at org.elasticsearch.cluster.metadata.MetaDataMappingService$PutMappingExecutor.execute(MetaDataMappingService.java:230) ~[elasticsearch-5.6.0.jar:5.6.0]
	at org.elasticsearch.cluster.service.ClusterService.executeTasks(ClusterService.java:634) ~[elasticsearch-5.6.0.jar:5.6.0]
	at org.elasticsearch.cluster.service.ClusterService.calculateTaskOutputs(ClusterService.java:612) ~[elasticsearch-5.6.0.jar:5.6.0]
	at org.elasticsearch.cluster.service.ClusterService.runTasks(ClusterService.java:571) [elasticsearch-5.6.0.jar:5.6.0]
	at org.elasticsearch.cluster.service.ClusterService$ClusterServiceTaskBatcher.run(ClusterService.java:263) [elasticsearch-5.6.0.jar:5.6.0]
	at org.elasticsearch.cluster.service.TaskBatcher.runIfNotProcessed(TaskBatcher.java:150) [elasticsearch-5.6.0.jar:5.6.0]
	at org.elasticsearch.cluster.service.TaskBatcher$BatchedTask.run(TaskBatcher.java:188) [elasticsearch-5.6.0.jar:5.6.0]
	at org.elasticsearch.common.util.concurrent.ThreadContext$ContextPreservingRunnable.run(ThreadContext.java:569) [elasticsearch-5.6.0.jar:5.6.0]
	at org.elasticsearch.common.util.concurrent.PrioritizedEsThreadPoolExecutor$TieBreakingPrioritizedRunnable.runAndClean(PrioritizedEsThreadPoolExecutor.java:247) [elasticsearch-5.6.0.jar:5.6.0]
	at org.elasticsearch.common.util.concurrent.PrioritizedEsThreadPoolExecutor$TieBreakingPrioritizedRunnable.run(PrioritizedEsThreadPoolExecutor.java:210) [elasticsearch-5.6.0.jar:5.6.0]
	at java.util.concurrent.ThreadPoolExecutor.runWorker(ThreadPoolExecutor.java:1142) [?:1.8.0_131]
	at java.util.concurrent.ThreadPoolExecutor$Worker.run(ThreadPoolExecutor.java:617) [?:1.8.0_131]
	at java.lang.Thread.run(Thread.java:748) [?:1.8.0_131]
[2019-01-10T01:28:51,627][DEBUG][o.e.a.a.i.m.p.TransportPutMappingAction] [IpyxMK4] failed to put mappings on indices [[[articles/SuXuJ1xGSGa9VsXaaHoTbQ]]], type [article]
org.elasticsearch.index.mapper.MapperParsingException: analyzer [serbian-plugin] not found for field [title]
	at org.elasticsearch.index.mapper.TypeParsers.parseAnalyzersAndTermVectors(TypeParsers.java:120) ~[elasticsearch-5.6.0.jar:5.6.0]
	at org.elasticsearch.index.mapper.TypeParsers.parseTextField(TypeParsers.java:209) ~[elasticsearch-5.6.0.jar:5.6.0]
	at org.elasticsearch.index.mapper.TextFieldMapper$TypeParser.parse(TextFieldMapper.java:185) ~[elasticsearch-5.6.0.jar:5.6.0]
	at org.elasticsearch.index.mapper.ObjectMapper$TypeParser.parseProperties(ObjectMapper.java:277) ~[elasticsearch-5.6.0.jar:5.6.0]
	at org.elasticsearch.index.mapper.ObjectMapper$TypeParser.parseObjectOrDocumentTypeProperties(ObjectMapper.java:199) ~[elasticsearch-5.6.0.jar:5.6.0]
	at org.elasticsearch.index.mapper.RootObjectMapper$TypeParser.parse(RootObjectMapper.java:102) ~[elasticsearch-5.6.0.jar:5.6.0]
	at org.elasticsearch.index.mapper.DocumentMapperParser.parse(DocumentMapperParser.java:111) ~[elasticsearch-5.6.0.jar:5.6.0]
	at org.elasticsearch.index.mapper.DocumentMapperParser.parse(DocumentMapperParser.java:91) ~[elasticsearch-5.6.0.jar:5.6.0]
	at org.elasticsearch.index.mapper.MapperService.parse(MapperService.java:644) ~[elasticsearch-5.6.0.jar:5.6.0]
	at org.elasticsearch.cluster.metadata.MetaDataMappingService$PutMappingExecutor.applyRequest(MetaDataMappingService.java:264) ~[elasticsearch-5.6.0.jar:5.6.0]
	at org.elasticsearch.cluster.metadata.MetaDataMappingService$PutMappingExecutor.execute(MetaDataMappingService.java:230) ~[elasticsearch-5.6.0.jar:5.6.0]
	at org.elasticsearch.cluster.service.ClusterService.executeTasks(ClusterService.java:634) ~[elasticsearch-5.6.0.jar:5.6.0]
	at org.elasticsearch.cluster.service.ClusterService.calculateTaskOutputs(ClusterService.java:612) ~[elasticsearch-5.6.0.jar:5.6.0]
	at org.elasticsearch.cluster.service.ClusterService.runTasks(ClusterService.java:571) [elasticsearch-5.6.0.jar:5.6.0]
	at org.elasticsearch.cluster.service.ClusterService$ClusterServiceTaskBatcher.run(ClusterService.java:263) [elasticsearch-5.6.0.jar:5.6.0]
	at org.elasticsearch.cluster.service.TaskBatcher.runIfNotProcessed(TaskBatcher.java:150) [elasticsearch-5.6.0.jar:5.6.0]
	at org.elasticsearch.cluster.service.TaskBatcher$BatchedTask.run(TaskBatcher.java:188) [elasticsearch-5.6.0.jar:5.6.0]
	at org.elasticsearch.common.util.concurrent.ThreadContext$ContextPreservingRunnable.run(ThreadContext.java:569) [elasticsearch-5.6.0.jar:5.6.0]
	at org.elasticsearch.common.util.concurrent.PrioritizedEsThreadPoolExecutor$TieBreakingPrioritizedRunnable.runAndClean(PrioritizedEsThreadPoolExecutor.java:247) [elasticsearch-5.6.0.jar:5.6.0]
	at org.elasticsearch.common.util.concurrent.PrioritizedEsThreadPoolExecutor$TieBreakingPrioritizedRunnable.run(PrioritizedEsThreadPoolExecutor.java:210) [elasticsearch-5.6.0.jar:5.6.0]
	at java.util.concurrent.ThreadPoolExecutor.runWorker(ThreadPoolExecutor.java:1142) [?:1.8.0_131]
	at java.util.concurrent.ThreadPoolExecutor$Worker.run(ThreadPoolExecutor.java:617) [?:1.8.0_131]
	at java.lang.Thread.run(Thread.java:748) [?:1.8.0_131]
[2019-01-10T01:28:54,457][DEBUG][o.e.a.a.i.m.p.TransportPutMappingAction] [IpyxMK4] failed to put mappings on indices [[[reviewers/wX1c8W8-TyO4YjCruDsXgg]]], type [reviewers]
org.elasticsearch.index.mapper.MapperParsingException: analyzer [serbian-plugin] not found for field [firstName]
	at org.elasticsearch.index.mapper.TypeParsers.parseAnalyzersAndTermVectors(TypeParsers.java:120) ~[elasticsearch-5.6.0.jar:5.6.0]
	at org.elasticsearch.index.mapper.TypeParsers.parseTextField(TypeParsers.java:209) ~[elasticsearch-5.6.0.jar:5.6.0]
	at org.elasticsearch.index.mapper.TextFieldMapper$TypeParser.parse(TextFieldMapper.java:185) ~[elasticsearch-5.6.0.jar:5.6.0]
	at org.elasticsearch.index.mapper.ObjectMapper$TypeParser.parseProperties(ObjectMapper.java:277) ~[elasticsearch-5.6.0.jar:5.6.0]
	at org.elasticsearch.index.mapper.ObjectMapper$TypeParser.parseObjectOrDocumentTypeProperties(ObjectMapper.java:199) ~[elasticsearch-5.6.0.jar:5.6.0]
	at org.elasticsearch.index.mapper.RootObjectMapper$TypeParser.parse(RootObjectMapper.java:102) ~[elasticsearch-5.6.0.jar:5.6.0]
	at org.elasticsearch.index.mapper.DocumentMapperParser.parse(DocumentMapperParser.java:111) ~[elasticsearch-5.6.0.jar:5.6.0]
	at org.elasticsearch.index.mapper.DocumentMapperParser.parse(DocumentMapperParser.java:91) ~[elasticsearch-5.6.0.jar:5.6.0]
	at org.elasticsearch.index.mapper.MapperService.parse(MapperService.java:644) ~[elasticsearch-5.6.0.jar:5.6.0]
	at org.elasticsearch.cluster.metadata.MetaDataMappingService$PutMappingExecutor.applyRequest(MetaDataMappingService.java:264) ~[elasticsearch-5.6.0.jar:5.6.0]
	at org.elasticsearch.cluster.metadata.MetaDataMappingService$PutMappingExecutor.execute(MetaDataMappingService.java:230) ~[elasticsearch-5.6.0.jar:5.6.0]
	at org.elasticsearch.cluster.service.ClusterService.executeTasks(ClusterService.java:634) ~[elasticsearch-5.6.0.jar:5.6.0]
	at org.elasticsearch.cluster.service.ClusterService.calculateTaskOutputs(ClusterService.java:612) ~[elasticsearch-5.6.0.jar:5.6.0]
	at org.elasticsearch.cluster.service.ClusterService.runTasks(ClusterService.java:571) [elasticsearch-5.6.0.jar:5.6.0]
	at org.elasticsearch.cluster.service.ClusterService$ClusterServiceTaskBatcher.run(ClusterService.java:263) [elasticsearch-5.6.0.jar:5.6.0]
	at org.elasticsearch.cluster.service.TaskBatcher.runIfNotProcessed(TaskBatcher.java:150) [elasticsearch-5.6.0.jar:5.6.0]
	at org.elasticsearch.cluster.service.TaskBatcher$BatchedTask.run(TaskBatcher.java:188) [elasticsearch-5.6.0.jar:5.6.0]
	at org.elasticsearch.common.util.concurrent.ThreadContext$ContextPreservingRunnable.run(ThreadContext.java:569) [elasticsearch-5.6.0.jar:5.6.0]
	at org.elasticsearch.common.util.concurrent.PrioritizedEsThreadPoolExecutor$TieBreakingPrioritizedRunnable.runAndClean(PrioritizedEsThreadPoolExecutor.java:247) [elasticsearch-5.6.0.jar:5.6.0]
	at org.elasticsearch.common.util.concurrent.PrioritizedEsThreadPoolExecutor$TieBreakingPrioritizedRunnable.run(PrioritizedEsThreadPoolExecutor.java:210) [elasticsearch-5.6.0.jar:5.6.0]
	at java.util.concurrent.ThreadPoolExecutor.runWorker(ThreadPoolExecutor.java:1142) [?:1.8.0_131]
	at java.util.concurrent.ThreadPoolExecutor$Worker.run(ThreadPoolExecutor.java:617) [?:1.8.0_131]
	at java.lang.Thread.run(Thread.java:748) [?:1.8.0_131]
[2019-01-10T01:32:08,797][DEBUG][o.e.a.a.i.m.p.TransportPutMappingAction] [IpyxMK4] failed to put mappings on indices [[[articles/SuXuJ1xGSGa9VsXaaHoTbQ]]], type [article]
org.elasticsearch.index.mapper.MapperParsingException: analyzer [serbian-plugin] not found for field [title]
	at org.elasticsearch.index.mapper.TypeParsers.parseAnalyzersAndTermVectors(TypeParsers.java:120) ~[elasticsearch-5.6.0.jar:5.6.0]
	at org.elasticsearch.index.mapper.TypeParsers.parseTextField(TypeParsers.java:209) ~[elasticsearch-5.6.0.jar:5.6.0]
	at org.elasticsearch.index.mapper.TextFieldMapper$TypeParser.parse(TextFieldMapper.java:185) ~[elasticsearch-5.6.0.jar:5.6.0]
	at org.elasticsearch.index.mapper.ObjectMapper$TypeParser.parseProperties(ObjectMapper.java:277) ~[elasticsearch-5.6.0.jar:5.6.0]
	at org.elasticsearch.index.mapper.ObjectMapper$TypeParser.parseObjectOrDocumentTypeProperties(ObjectMapper.java:199) ~[elasticsearch-5.6.0.jar:5.6.0]
	at org.elasticsearch.index.mapper.RootObjectMapper$TypeParser.parse(RootObjectMapper.java:102) ~[elasticsearch-5.6.0.jar:5.6.0]
	at org.elasticsearch.index.mapper.DocumentMapperParser.parse(DocumentMapperParser.java:111) ~[elasticsearch-5.6.0.jar:5.6.0]
	at org.elasticsearch.index.mapper.DocumentMapperParser.parse(DocumentMapperParser.java:91) ~[elasticsearch-5.6.0.jar:5.6.0]
	at org.elasticsearch.index.mapper.MapperService.parse(MapperService.java:644) ~[elasticsearch-5.6.0.jar:5.6.0]
	at org.elasticsearch.cluster.metadata.MetaDataMappingService$PutMappingExecutor.applyRequest(MetaDataMappingService.java:264) ~[elasticsearch-5.6.0.jar:5.6.0]
	at org.elasticsearch.cluster.metadata.MetaDataMappingService$PutMappingExecutor.execute(MetaDataMappingService.java:230) ~[elasticsearch-5.6.0.jar:5.6.0]
	at org.elasticsearch.cluster.service.ClusterService.executeTasks(ClusterService.java:634) ~[elasticsearch-5.6.0.jar:5.6.0]
	at org.elasticsearch.cluster.service.ClusterService.calculateTaskOutputs(ClusterService.java:612) ~[elasticsearch-5.6.0.jar:5.6.0]
	at org.elasticsearch.cluster.service.ClusterService.runTasks(ClusterService.java:571) [elasticsearch-5.6.0.jar:5.6.0]
	at org.elasticsearch.cluster.service.ClusterService$ClusterServiceTaskBatcher.run(ClusterService.java:263) [elasticsearch-5.6.0.jar:5.6.0]
	at org.elasticsearch.cluster.service.TaskBatcher.runIfNotProcessed(TaskBatcher.java:150) [elasticsearch-5.6.0.jar:5.6.0]
	at org.elasticsearch.cluster.service.TaskBatcher$BatchedTask.run(TaskBatcher.java:188) [elasticsearch-5.6.0.jar:5.6.0]
	at org.elasticsearch.common.util.concurrent.ThreadContext$ContextPreservingRunnable.run(ThreadContext.java:569) [elasticsearch-5.6.0.jar:5.6.0]
	at org.elasticsearch.common.util.concurrent.PrioritizedEsThreadPoolExecutor$TieBreakingPrioritizedRunnable.runAndClean(PrioritizedEsThreadPoolExecutor.java:247) [elasticsearch-5.6.0.jar:5.6.0]
	at org.elasticsearch.common.util.concurrent.PrioritizedEsThreadPoolExecutor$TieBreakingPrioritizedRunnable.run(PrioritizedEsThreadPoolExecutor.java:210) [elasticsearch-5.6.0.jar:5.6.0]
	at java.util.concurrent.ThreadPoolExecutor.runWorker(ThreadPoolExecutor.java:1142) [?:1.8.0_131]
	at java.util.concurrent.ThreadPoolExecutor$Worker.run(ThreadPoolExecutor.java:617) [?:1.8.0_131]
	at java.lang.Thread.run(Thread.java:748) [?:1.8.0_131]
[2019-01-10T01:32:11,383][DEBUG][o.e.a.a.i.m.p.TransportPutMappingAction] [IpyxMK4] failed to put mappings on indices [[[reviewers/wX1c8W8-TyO4YjCruDsXgg]]], type [reviewers]
org.elasticsearch.index.mapper.MapperParsingException: analyzer [serbian-plugin] not found for field [firstName]
	at org.elasticsearch.index.mapper.TypeParsers.parseAnalyzersAndTermVectors(TypeParsers.java:120) ~[elasticsearch-5.6.0.jar:5.6.0]
	at org.elasticsearch.index.mapper.TypeParsers.parseTextField(TypeParsers.java:209) ~[elasticsearch-5.6.0.jar:5.6.0]
	at org.elasticsearch.index.mapper.TextFieldMapper$TypeParser.parse(TextFieldMapper.java:185) ~[elasticsearch-5.6.0.jar:5.6.0]
	at org.elasticsearch.index.mapper.ObjectMapper$TypeParser.parseProperties(ObjectMapper.java:277) ~[elasticsearch-5.6.0.jar:5.6.0]
	at org.elasticsearch.index.mapper.ObjectMapper$TypeParser.parseObjectOrDocumentTypeProperties(ObjectMapper.java:199) ~[elasticsearch-5.6.0.jar:5.6.0]
	at org.elasticsearch.index.mapper.RootObjectMapper$TypeParser.parse(RootObjectMapper.java:102) ~[elasticsearch-5.6.0.jar:5.6.0]
	at org.elasticsearch.index.mapper.DocumentMapperParser.parse(DocumentMapperParser.java:111) ~[elasticsearch-5.6.0.jar:5.6.0]
	at org.elasticsearch.index.mapper.DocumentMapperParser.parse(DocumentMapperParser.java:91) ~[elasticsearch-5.6.0.jar:5.6.0]
	at org.elasticsearch.index.mapper.MapperService.parse(MapperService.java:644) ~[elasticsearch-5.6.0.jar:5.6.0]
	at org.elasticsearch.cluster.metadata.MetaDataMappingService$PutMappingExecutor.applyRequest(MetaDataMappingService.java:264) ~[elasticsearch-5.6.0.jar:5.6.0]
	at org.elasticsearch.cluster.metadata.MetaDataMappingService$PutMappingExecutor.execute(MetaDataMappingService.java:230) ~[elasticsearch-5.6.0.jar:5.6.0]
	at org.elasticsearch.cluster.service.ClusterService.executeTasks(ClusterService.java:634) ~[elasticsearch-5.6.0.jar:5.6.0]
	at org.elasticsearch.cluster.service.ClusterService.calculateTaskOutputs(ClusterService.java:612) ~[elasticsearch-5.6.0.jar:5.6.0]
	at org.elasticsearch.cluster.service.ClusterService.runTasks(ClusterService.java:571) [elasticsearch-5.6.0.jar:5.6.0]
	at org.elasticsearch.cluster.service.ClusterService$ClusterServiceTaskBatcher.run(ClusterService.java:263) [elasticsearch-5.6.0.jar:5.6.0]
	at org.elasticsearch.cluster.service.TaskBatcher.runIfNotProcessed(TaskBatcher.java:150) [elasticsearch-5.6.0.jar:5.6.0]
	at org.elasticsearch.cluster.service.TaskBatcher$BatchedTask.run(TaskBatcher.java:188) [elasticsearch-5.6.0.jar:5.6.0]
	at org.elasticsearch.common.util.concurrent.ThreadContext$ContextPreservingRunnable.run(ThreadContext.java:569) [elasticsearch-5.6.0.jar:5.6.0]
	at org.elasticsearch.common.util.concurrent.PrioritizedEsThreadPoolExecutor$TieBreakingPrioritizedRunnable.runAndClean(PrioritizedEsThreadPoolExecutor.java:247) [elasticsearch-5.6.0.jar:5.6.0]
	at org.elasticsearch.common.util.concurrent.PrioritizedEsThreadPoolExecutor$TieBreakingPrioritizedRunnable.run(PrioritizedEsThreadPoolExecutor.java:210) [elasticsearch-5.6.0.jar:5.6.0]
	at java.util.concurrent.ThreadPoolExecutor.runWorker(ThreadPoolExecutor.java:1142) [?:1.8.0_131]
	at java.util.concurrent.ThreadPoolExecutor$Worker.run(ThreadPoolExecutor.java:617) [?:1.8.0_131]
	at java.lang.Thread.run(Thread.java:748) [?:1.8.0_131]
[2019-01-10T01:35:07,227][DEBUG][o.e.a.a.i.m.p.TransportPutMappingAction] [IpyxMK4] failed to put mappings on indices [[[articles/SuXuJ1xGSGa9VsXaaHoTbQ]]], type [article]
org.elasticsearch.index.mapper.MapperParsingException: analyzer [serbian-plugin] not found for field [title]
	at org.elasticsearch.index.mapper.TypeParsers.parseAnalyzersAndTermVectors(TypeParsers.java:120) ~[elasticsearch-5.6.0.jar:5.6.0]
	at org.elasticsearch.index.mapper.TypeParsers.parseTextField(TypeParsers.java:209) ~[elasticsearch-5.6.0.jar:5.6.0]
	at org.elasticsearch.index.mapper.TextFieldMapper$TypeParser.parse(TextFieldMapper.java:185) ~[elasticsearch-5.6.0.jar:5.6.0]
	at org.elasticsearch.index.mapper.ObjectMapper$TypeParser.parseProperties(ObjectMapper.java:277) ~[elasticsearch-5.6.0.jar:5.6.0]
	at org.elasticsearch.index.mapper.ObjectMapper$TypeParser.parseObjectOrDocumentTypeProperties(ObjectMapper.java:199) ~[elasticsearch-5.6.0.jar:5.6.0]
	at org.elasticsearch.index.mapper.RootObjectMapper$TypeParser.parse(RootObjectMapper.java:102) ~[elasticsearch-5.6.0.jar:5.6.0]
	at org.elasticsearch.index.mapper.DocumentMapperParser.parse(DocumentMapperParser.java:111) ~[elasticsearch-5.6.0.jar:5.6.0]
	at org.elasticsearch.index.mapper.DocumentMapperParser.parse(DocumentMapperParser.java:91) ~[elasticsearch-5.6.0.jar:5.6.0]
	at org.elasticsearch.index.mapper.MapperService.parse(MapperService.java:644) ~[elasticsearch-5.6.0.jar:5.6.0]
	at org.elasticsearch.cluster.metadata.MetaDataMappingService$PutMappingExecutor.applyRequest(MetaDataMappingService.java:264) ~[elasticsearch-5.6.0.jar:5.6.0]
	at org.elasticsearch.cluster.metadata.MetaDataMappingService$PutMappingExecutor.execute(MetaDataMappingService.java:230) ~[elasticsearch-5.6.0.jar:5.6.0]
	at org.elasticsearch.cluster.service.ClusterService.executeTasks(ClusterService.java:634) ~[elasticsearch-5.6.0.jar:5.6.0]
	at org.elasticsearch.cluster.service.ClusterService.calculateTaskOutputs(ClusterService.java:612) ~[elasticsearch-5.6.0.jar:5.6.0]
	at org.elasticsearch.cluster.service.ClusterService.runTasks(ClusterService.java:571) [elasticsearch-5.6.0.jar:5.6.0]
	at org.elasticsearch.cluster.service.ClusterService$ClusterServiceTaskBatcher.run(ClusterService.java:263) [elasticsearch-5.6.0.jar:5.6.0]
	at org.elasticsearch.cluster.service.TaskBatcher.runIfNotProcessed(TaskBatcher.java:150) [elasticsearch-5.6.0.jar:5.6.0]
	at org.elasticsearch.cluster.service.TaskBatcher$BatchedTask.run(TaskBatcher.java:188) [elasticsearch-5.6.0.jar:5.6.0]
	at org.elasticsearch.common.util.concurrent.ThreadContext$ContextPreservingRunnable.run(ThreadContext.java:569) [elasticsearch-5.6.0.jar:5.6.0]
	at org.elasticsearch.common.util.concurrent.PrioritizedEsThreadPoolExecutor$TieBreakingPrioritizedRunnable.runAndClean(PrioritizedEsThreadPoolExecutor.java:247) [elasticsearch-5.6.0.jar:5.6.0]
	at org.elasticsearch.common.util.concurrent.PrioritizedEsThreadPoolExecutor$TieBreakingPrioritizedRunnable.run(PrioritizedEsThreadPoolExecutor.java:210) [elasticsearch-5.6.0.jar:5.6.0]
	at java.util.concurrent.ThreadPoolExecutor.runWorker(ThreadPoolExecutor.java:1142) [?:1.8.0_131]
	at java.util.concurrent.ThreadPoolExecutor$Worker.run(ThreadPoolExecutor.java:617) [?:1.8.0_131]
	at java.lang.Thread.run(Thread.java:748) [?:1.8.0_131]
[2019-01-10T01:35:09,720][DEBUG][o.e.a.a.i.m.p.TransportPutMappingAction] [IpyxMK4] failed to put mappings on indices [[[reviewers/wX1c8W8-TyO4YjCruDsXgg]]], type [reviewers]
org.elasticsearch.index.mapper.MapperParsingException: analyzer [serbian-plugin] not found for field [firstName]
	at org.elasticsearch.index.mapper.TypeParsers.parseAnalyzersAndTermVectors(TypeParsers.java:120) ~[elasticsearch-5.6.0.jar:5.6.0]
	at org.elasticsearch.index.mapper.TypeParsers.parseTextField(TypeParsers.java:209) ~[elasticsearch-5.6.0.jar:5.6.0]
	at org.elasticsearch.index.mapper.TextFieldMapper$TypeParser.parse(TextFieldMapper.java:185) ~[elasticsearch-5.6.0.jar:5.6.0]
	at org.elasticsearch.index.mapper.ObjectMapper$TypeParser.parseProperties(ObjectMapper.java:277) ~[elasticsearch-5.6.0.jar:5.6.0]
	at org.elasticsearch.index.mapper.ObjectMapper$TypeParser.parseObjectOrDocumentTypeProperties(ObjectMapper.java:199) ~[elasticsearch-5.6.0.jar:5.6.0]
	at org.elasticsearch.index.mapper.RootObjectMapper$TypeParser.parse(RootObjectMapper.java:102) ~[elasticsearch-5.6.0.jar:5.6.0]
	at org.elasticsearch.index.mapper.DocumentMapperParser.parse(DocumentMapperParser.java:111) ~[elasticsearch-5.6.0.jar:5.6.0]
	at org.elasticsearch.index.mapper.DocumentMapperParser.parse(DocumentMapperParser.java:91) ~[elasticsearch-5.6.0.jar:5.6.0]
	at org.elasticsearch.index.mapper.MapperService.parse(MapperService.java:644) ~[elasticsearch-5.6.0.jar:5.6.0]
	at org.elasticsearch.cluster.metadata.MetaDataMappingService$PutMappingExecutor.applyRequest(MetaDataMappingService.java:264) ~[elasticsearch-5.6.0.jar:5.6.0]
	at org.elasticsearch.cluster.metadata.MetaDataMappingService$PutMappingExecutor.execute(MetaDataMappingService.java:230) ~[elasticsearch-5.6.0.jar:5.6.0]
	at org.elasticsearch.cluster.service.ClusterService.executeTasks(ClusterService.java:634) ~[elasticsearch-5.6.0.jar:5.6.0]
	at org.elasticsearch.cluster.service.ClusterService.calculateTaskOutputs(ClusterService.java:612) ~[elasticsearch-5.6.0.jar:5.6.0]
	at org.elasticsearch.cluster.service.ClusterService.runTasks(ClusterService.java:571) [elasticsearch-5.6.0.jar:5.6.0]
	at org.elasticsearch.cluster.service.ClusterService$ClusterServiceTaskBatcher.run(ClusterService.java:263) [elasticsearch-5.6.0.jar:5.6.0]
	at org.elasticsearch.cluster.service.TaskBatcher.runIfNotProcessed(TaskBatcher.java:150) [elasticsearch-5.6.0.jar:5.6.0]
	at org.elasticsearch.cluster.service.TaskBatcher$BatchedTask.run(TaskBatcher.java:188) [elasticsearch-5.6.0.jar:5.6.0]
	at org.elasticsearch.common.util.concurrent.ThreadContext$ContextPreservingRunnable.run(ThreadContext.java:569) [elasticsearch-5.6.0.jar:5.6.0]
	at org.elasticsearch.common.util.concurrent.PrioritizedEsThreadPoolExecutor$TieBreakingPrioritizedRunnable.runAndClean(PrioritizedEsThreadPoolExecutor.java:247) [elasticsearch-5.6.0.jar:5.6.0]
	at org.elasticsearch.common.util.concurrent.PrioritizedEsThreadPoolExecutor$TieBreakingPrioritizedRunnable.run(PrioritizedEsThreadPoolExecutor.java:210) [elasticsearch-5.6.0.jar:5.6.0]
	at java.util.concurrent.ThreadPoolExecutor.runWorker(ThreadPoolExecutor.java:1142) [?:1.8.0_131]
	at java.util.concurrent.ThreadPoolExecutor$Worker.run(ThreadPoolExecutor.java:617) [?:1.8.0_131]
	at java.lang.Thread.run(Thread.java:748) [?:1.8.0_131]
[2019-01-10T01:36:52,404][INFO ][o.e.c.m.MetaDataDeleteIndexService] [IpyxMK4] [articles/SuXuJ1xGSGa9VsXaaHoTbQ] deleting index
[2019-01-10T01:37:28,718][INFO ][o.e.c.m.MetaDataCreateIndexService] [IpyxMK4] [articles] creating index, cause [api], templates [], shards [1]/[0], mappings []
[2019-01-10T01:37:36,236][DEBUG][o.e.a.a.i.m.p.TransportPutMappingAction] [IpyxMK4] failed to put mappings on indices [[[articles/itGzTepqQeyrYBSMG1fDZw]]], type [article]
org.elasticsearch.index.mapper.MapperParsingException: analyzer [serbian-plugin] not found for field [title]
	at org.elasticsearch.index.mapper.TypeParsers.parseAnalyzersAndTermVectors(TypeParsers.java:120) ~[elasticsearch-5.6.0.jar:5.6.0]
	at org.elasticsearch.index.mapper.TypeParsers.parseTextField(TypeParsers.java:209) ~[elasticsearch-5.6.0.jar:5.6.0]
	at org.elasticsearch.index.mapper.TextFieldMapper$TypeParser.parse(TextFieldMapper.java:185) ~[elasticsearch-5.6.0.jar:5.6.0]
	at org.elasticsearch.index.mapper.ObjectMapper$TypeParser.parseProperties(ObjectMapper.java:277) ~[elasticsearch-5.6.0.jar:5.6.0]
	at org.elasticsearch.index.mapper.ObjectMapper$TypeParser.parseObjectOrDocumentTypeProperties(ObjectMapper.java:199) ~[elasticsearch-5.6.0.jar:5.6.0]
	at org.elasticsearch.index.mapper.RootObjectMapper$TypeParser.parse(RootObjectMapper.java:102) ~[elasticsearch-5.6.0.jar:5.6.0]
	at org.elasticsearch.index.mapper.DocumentMapperParser.parse(DocumentMapperParser.java:111) ~[elasticsearch-5.6.0.jar:5.6.0]
	at org.elasticsearch.index.mapper.DocumentMapperParser.parse(DocumentMapperParser.java:91) ~[elasticsearch-5.6.0.jar:5.6.0]
	at org.elasticsearch.index.mapper.MapperService.parse(MapperService.java:644) ~[elasticsearch-5.6.0.jar:5.6.0]
	at org.elasticsearch.cluster.metadata.MetaDataMappingService$PutMappingExecutor.applyRequest(MetaDataMappingService.java:264) ~[elasticsearch-5.6.0.jar:5.6.0]
	at org.elasticsearch.cluster.metadata.MetaDataMappingService$PutMappingExecutor.execute(MetaDataMappingService.java:230) ~[elasticsearch-5.6.0.jar:5.6.0]
	at org.elasticsearch.cluster.service.ClusterService.executeTasks(ClusterService.java:634) ~[elasticsearch-5.6.0.jar:5.6.0]
	at org.elasticsearch.cluster.service.ClusterService.calculateTaskOutputs(ClusterService.java:612) ~[elasticsearch-5.6.0.jar:5.6.0]
	at org.elasticsearch.cluster.service.ClusterService.runTasks(ClusterService.java:571) [elasticsearch-5.6.0.jar:5.6.0]
	at org.elasticsearch.cluster.service.ClusterService$ClusterServiceTaskBatcher.run(ClusterService.java:263) [elasticsearch-5.6.0.jar:5.6.0]
	at org.elasticsearch.cluster.service.TaskBatcher.runIfNotProcessed(TaskBatcher.java:150) [elasticsearch-5.6.0.jar:5.6.0]
	at org.elasticsearch.cluster.service.TaskBatcher$BatchedTask.run(TaskBatcher.java:188) [elasticsearch-5.6.0.jar:5.6.0]
	at org.elasticsearch.common.util.concurrent.ThreadContext$ContextPreservingRunnable.run(ThreadContext.java:569) [elasticsearch-5.6.0.jar:5.6.0]
	at org.elasticsearch.common.util.concurrent.PrioritizedEsThreadPoolExecutor$TieBreakingPrioritizedRunnable.runAndClean(PrioritizedEsThreadPoolExecutor.java:247) [elasticsearch-5.6.0.jar:5.6.0]
	at org.elasticsearch.common.util.concurrent.PrioritizedEsThreadPoolExecutor$TieBreakingPrioritizedRunnable.run(PrioritizedEsThreadPoolExecutor.java:210) [elasticsearch-5.6.0.jar:5.6.0]
	at java.util.concurrent.ThreadPoolExecutor.runWorker(ThreadPoolExecutor.java:1142) [?:1.8.0_131]
	at java.util.concurrent.ThreadPoolExecutor$Worker.run(ThreadPoolExecutor.java:617) [?:1.8.0_131]
	at java.lang.Thread.run(Thread.java:748) [?:1.8.0_131]
[2019-01-10T01:37:39,102][DEBUG][o.e.a.a.i.m.p.TransportPutMappingAction] [IpyxMK4] failed to put mappings on indices [[[reviewers/wX1c8W8-TyO4YjCruDsXgg]]], type [reviewers]
org.elasticsearch.index.mapper.MapperParsingException: analyzer [serbian-plugin] not found for field [firstName]
	at org.elasticsearch.index.mapper.TypeParsers.parseAnalyzersAndTermVectors(TypeParsers.java:120) ~[elasticsearch-5.6.0.jar:5.6.0]
	at org.elasticsearch.index.mapper.TypeParsers.parseTextField(TypeParsers.java:209) ~[elasticsearch-5.6.0.jar:5.6.0]
	at org.elasticsearch.index.mapper.TextFieldMapper$TypeParser.parse(TextFieldMapper.java:185) ~[elasticsearch-5.6.0.jar:5.6.0]
	at org.elasticsearch.index.mapper.ObjectMapper$TypeParser.parseProperties(ObjectMapper.java:277) ~[elasticsearch-5.6.0.jar:5.6.0]
	at org.elasticsearch.index.mapper.ObjectMapper$TypeParser.parseObjectOrDocumentTypeProperties(ObjectMapper.java:199) ~[elasticsearch-5.6.0.jar:5.6.0]
	at org.elasticsearch.index.mapper.RootObjectMapper$TypeParser.parse(RootObjectMapper.java:102) ~[elasticsearch-5.6.0.jar:5.6.0]
	at org.elasticsearch.index.mapper.DocumentMapperParser.parse(DocumentMapperParser.java:111) ~[elasticsearch-5.6.0.jar:5.6.0]
	at org.elasticsearch.index.mapper.DocumentMapperParser.parse(DocumentMapperParser.java:91) ~[elasticsearch-5.6.0.jar:5.6.0]
	at org.elasticsearch.index.mapper.MapperService.parse(MapperService.java:644) ~[elasticsearch-5.6.0.jar:5.6.0]
	at org.elasticsearch.cluster.metadata.MetaDataMappingService$PutMappingExecutor.applyRequest(MetaDataMappingService.java:264) ~[elasticsearch-5.6.0.jar:5.6.0]
	at org.elasticsearch.cluster.metadata.MetaDataMappingService$PutMappingExecutor.execute(MetaDataMappingService.java:230) ~[elasticsearch-5.6.0.jar:5.6.0]
	at org.elasticsearch.cluster.service.ClusterService.executeTasks(ClusterService.java:634) ~[elasticsearch-5.6.0.jar:5.6.0]
	at org.elasticsearch.cluster.service.ClusterService.calculateTaskOutputs(ClusterService.java:612) ~[elasticsearch-5.6.0.jar:5.6.0]
	at org.elasticsearch.cluster.service.ClusterService.runTasks(ClusterService.java:571) [elasticsearch-5.6.0.jar:5.6.0]
	at org.elasticsearch.cluster.service.ClusterService$ClusterServiceTaskBatcher.run(ClusterService.java:263) [elasticsearch-5.6.0.jar:5.6.0]
	at org.elasticsearch.cluster.service.TaskBatcher.runIfNotProcessed(TaskBatcher.java:150) [elasticsearch-5.6.0.jar:5.6.0]
	at org.elasticsearch.cluster.service.TaskBatcher$BatchedTask.run(TaskBatcher.java:188) [elasticsearch-5.6.0.jar:5.6.0]
	at org.elasticsearch.common.util.concurrent.ThreadContext$ContextPreservingRunnable.run(ThreadContext.java:569) [elasticsearch-5.6.0.jar:5.6.0]
	at org.elasticsearch.common.util.concurrent.PrioritizedEsThreadPoolExecutor$TieBreakingPrioritizedRunnable.runAndClean(PrioritizedEsThreadPoolExecutor.java:247) [elasticsearch-5.6.0.jar:5.6.0]
	at org.elasticsearch.common.util.concurrent.PrioritizedEsThreadPoolExecutor$TieBreakingPrioritizedRunnable.run(PrioritizedEsThreadPoolExecutor.java:210) [elasticsearch-5.6.0.jar:5.6.0]
	at java.util.concurrent.ThreadPoolExecutor.runWorker(ThreadPoolExecutor.java:1142) [?:1.8.0_131]
	at java.util.concurrent.ThreadPoolExecutor$Worker.run(ThreadPoolExecutor.java:617) [?:1.8.0_131]
	at java.lang.Thread.run(Thread.java:748) [?:1.8.0_131]
[2019-01-10T01:39:12,071][INFO ][o.e.c.m.MetaDataMappingService] [IpyxMK4] [articles/itGzTepqQeyrYBSMG1fDZw] create_mapping [article]
[2019-01-10T01:40:11,726][DEBUG][o.e.a.s.TransportSearchAction] [IpyxMK4] [articles][0], node[IpyxMK4OSVy_Xb01dRreRQ], [P], s[STARTED], a[id=22SPpBL-SCaYh5CuDxniaA]: Failed to execute [SearchRequest{searchType=QUERY_THEN_FETCH, indices=[articles], indicesOptions=IndicesOptions[id=38, ignore_unavailable=false, allow_no_indices=true, expand_wildcards_open=true, expand_wildcards_closed=false, allow_alisases_to_multiple_indices=true, forbid_closed_indices=true], types=[article], routing='null', preference='null', requestCache=null, scroll=null, maxConcurrentShardRequests=5, batchedReduceSize=512, preFilterShardSize=128, source={
  "from" : 0,
  "query" : {
    "match" : {
      "magazineName" : {
        "query" : "Lepota",
        "operator" : "OR",
        "analyzer" : "serbian-plugin",
        "prefix_length" : 0,
        "max_expansions" : 50,
        "fuzzy_transpositions" : true,
        "lenient" : false,
        "zero_terms_query" : "NONE",
        "boost" : 1.0
      }
    }
  },
  "version" : true,
  "highlight" : {
    "fields" : {
      "magazineName" : { }
    }
  }
}}]
org.elasticsearch.transport.RemoteTransportException: [IpyxMK4][127.0.0.1:9300][indices:data/read/search[phase/query]]
Caused by: org.elasticsearch.index.query.QueryShardException: [match] analyzer [serbian-plugin] not found
	at org.elasticsearch.index.query.MatchQueryBuilder.doToQuery(MatchQueryBuilder.java:446) ~[elasticsearch-5.6.0.jar:5.6.0]
	at org.elasticsearch.index.query.AbstractQueryBuilder.toQuery(AbstractQueryBuilder.java:96) ~[elasticsearch-5.6.0.jar:5.6.0]
	at org.elasticsearch.index.query.QueryShardContext.lambda$toQuery$1(QueryShardContext.java:313) ~[elasticsearch-5.6.0.jar:5.6.0]
	at org.elasticsearch.index.query.QueryShardContext.toQuery(QueryShardContext.java:325) ~[elasticsearch-5.6.0.jar:5.6.0]
	at org.elasticsearch.index.query.QueryShardContext.toQuery(QueryShardContext.java:312) ~[elasticsearch-5.6.0.jar:5.6.0]
	at org.elasticsearch.search.SearchService.parseSource(SearchService.java:617) ~[elasticsearch-5.6.0.jar:5.6.0]
	at org.elasticsearch.search.SearchService.createContext(SearchService.java:485) ~[elasticsearch-5.6.0.jar:5.6.0]
	at org.elasticsearch.search.SearchService.createAndPutContext(SearchService.java:461) ~[elasticsearch-5.6.0.jar:5.6.0]
	at org.elasticsearch.search.SearchService.executeQueryPhase(SearchService.java:257) ~[elasticsearch-5.6.0.jar:5.6.0]
	at org.elasticsearch.action.search.SearchTransportService$6.messageReceived(SearchTransportService.java:340) ~[elasticsearch-5.6.0.jar:5.6.0]
	at org.elasticsearch.action.search.SearchTransportService$6.messageReceived(SearchTransportService.java:337) ~[elasticsearch-5.6.0.jar:5.6.0]
	at org.elasticsearch.transport.RequestHandlerRegistry.processMessageReceived(RequestHandlerRegistry.java:69) ~[elasticsearch-5.6.0.jar:5.6.0]
	at org.elasticsearch.transport.TransportService$7.doRun(TransportService.java:644) [elasticsearch-5.6.0.jar:5.6.0]
	at org.elasticsearch.common.util.concurrent.ThreadContext$ContextPreservingAbstractRunnable.doRun(ThreadContext.java:638) [elasticsearch-5.6.0.jar:5.6.0]
	at org.elasticsearch.common.util.concurrent.AbstractRunnable.run(AbstractRunnable.java:37) [elasticsearch-5.6.0.jar:5.6.0]
	at java.util.concurrent.ThreadPoolExecutor.runWorker(ThreadPoolExecutor.java:1142) [?:1.8.0_131]
	at java.util.concurrent.ThreadPoolExecutor$Worker.run(ThreadPoolExecutor.java:617) [?:1.8.0_131]
	at java.lang.Thread.run(Thread.java:748) [?:1.8.0_131]
[2019-01-10T01:40:12,249][DEBUG][o.e.a.s.TransportSearchAction] [IpyxMK4] All shards failed for phase: [query]
org.elasticsearch.index.query.QueryShardException: [match] analyzer [serbian-plugin] not found
	at org.elasticsearch.index.query.MatchQueryBuilder.doToQuery(MatchQueryBuilder.java:446) ~[elasticsearch-5.6.0.jar:5.6.0]
	at org.elasticsearch.index.query.AbstractQueryBuilder.toQuery(AbstractQueryBuilder.java:96) ~[elasticsearch-5.6.0.jar:5.6.0]
	at org.elasticsearch.index.query.QueryShardContext.lambda$toQuery$1(QueryShardContext.java:313) ~[elasticsearch-5.6.0.jar:5.6.0]
	at org.elasticsearch.index.query.QueryShardContext.toQuery(QueryShardContext.java:325) ~[elasticsearch-5.6.0.jar:5.6.0]
	at org.elasticsearch.index.query.QueryShardContext.toQuery(QueryShardContext.java:312) ~[elasticsearch-5.6.0.jar:5.6.0]
	at org.elasticsearch.search.SearchService.parseSource(SearchService.java:617) ~[elasticsearch-5.6.0.jar:5.6.0]
	at org.elasticsearch.search.SearchService.createContext(SearchService.java:485) ~[elasticsearch-5.6.0.jar:5.6.0]
	at org.elasticsearch.search.SearchService.createAndPutContext(SearchService.java:461) ~[elasticsearch-5.6.0.jar:5.6.0]
	at org.elasticsearch.search.SearchService.executeQueryPhase(SearchService.java:257) ~[elasticsearch-5.6.0.jar:5.6.0]
	at org.elasticsearch.action.search.SearchTransportService$6.messageReceived(SearchTransportService.java:340) ~[elasticsearch-5.6.0.jar:5.6.0]
	at org.elasticsearch.action.search.SearchTransportService$6.messageReceived(SearchTransportService.java:337) ~[elasticsearch-5.6.0.jar:5.6.0]
	at org.elasticsearch.transport.RequestHandlerRegistry.processMessageReceived(RequestHandlerRegistry.java:69) ~[elasticsearch-5.6.0.jar:5.6.0]
	at org.elasticsearch.transport.TransportService$7.doRun(TransportService.java:644) [elasticsearch-5.6.0.jar:5.6.0]
	at org.elasticsearch.common.util.concurrent.ThreadContext$ContextPreservingAbstractRunnable.doRun(ThreadContext.java:638) [elasticsearch-5.6.0.jar:5.6.0]
	at org.elasticsearch.common.util.concurrent.AbstractRunnable.run(AbstractRunnable.java:37) [elasticsearch-5.6.0.jar:5.6.0]
	at java.util.concurrent.ThreadPoolExecutor.runWorker(ThreadPoolExecutor.java:1142) [?:1.8.0_131]
	at java.util.concurrent.ThreadPoolExecutor$Worker.run(ThreadPoolExecutor.java:617) [?:1.8.0_131]
	at java.lang.Thread.run(Thread.java:748) [?:1.8.0_131]
[2019-01-10T01:40:31,063][INFO ][o.e.b.Bootstrap          ] running graceful exit on windows
[2019-01-10T01:40:31,132][INFO ][o.e.n.Node               ] [IpyxMK4] stopping ...
